2017-08-30 23:10:40 INFO http://www.baidu.com/s?ie=UTF-8&wd=2012-06-01%20site%3Ahuxiu.com/
2017-08-30 23:10:42 INFO http://www.baidu.com/s?wd=2012-06-01%20site%3Ahuxiu.com%2F&pn=10&oq=2012-06-01%20site%3Ahuxiu.com%2F&ie=utf-8&rsv_pq=e8d33f4d00025ee3&rsv_t=d4eatA%2BZYktJh%2FZoTxAkFpjJlkaNGfRh6TYp9A2U%2FksuLapDNjGTpTqA5ZA&rsv_page=1
2017-08-30 23:10:43 INFO http://www.baidu.com/s?wd=2012-06-01%20site%3Ahuxiu.com%2F&pn=20&oq=2012-06-01%20site%3Ahuxiu.com%2F&ie=utf-8&rsv_pq=d5b6149c0002b6e8&rsv_t=9c0eOghxv95fjr7Jn1gsmuahImhoFyZ5esRM1X6Lk0wtBNCXR0qA8gh1OnE&rsv_page=1
2017-08-30 23:10:44 INFO http://www.baidu.com/s?wd=2012-06-01%20site%3Ahuxiu.com%2F&pn=30&oq=2012-06-01%20site%3Ahuxiu.com%2F&ie=utf-8&rsv_pq=afbd1af700021fc5&rsv_t=ffe4hKlNCjyGqcKpVyqDJr0DH0zHXaghRMruET%2BHgBK3tf3vkysDQ%2F8Qx2Q&rsv_page=1
2017-08-30 23:10:45 INFO http://www.baidu.com/s?wd=2012-06-01%20site%3Ahuxiu.com%2F&pn=40&oq=2012-06-01%20site%3Ahuxiu.com%2F&ie=utf-8&rsv_pq=ad691f340002ada4&rsv_t=d0ec9amnmb7tjblak%2BWRbVyLXXz33I7m%2FXKg6VG6CKAZSd%2Blbjq6YEjadoU&rsv_page=1
2017-08-30 23:10:50 INFO http://www.baidu.com/s?ie=UTF-8&wd=2012-06-02%20site%3Ahuxiu.com/
2017-08-30 23:10:51 INFO http://www.baidu.com/s?wd=2012-06-02%20site%3Ahuxiu.com%2F&pn=10&oq=2012-06-02%20site%3Ahuxiu.com%2F&ie=utf-8&rsv_pq=e2d5c7250002674d&rsv_t=83f9uQw11583Ln0Ga2%2BNWr%2BVN9MMj%2FUa3TGJOaf%2FUg%2FAhz4%2BEspPnkDwWhM&rsv_page=1
2017-08-30 23:10:52 INFO http://www.baidu.com/s?wd=2012-06-02%20site%3Ahuxiu.com%2F&pn=20&oq=2012-06-02%20site%3Ahuxiu.com%2F&ie=utf-8&rsv_pq=f532453700027a8e&rsv_t=2d43603JgfgVkvPtTiAFqYMi50j%2BUaifIkkXs1O0Ix1902jmksCWEMG%2F0Gw&rsv_page=1
2017-08-30 23:10:53 INFO http://www.baidu.com/s?wd=2012-06-02%20site%3Ahuxiu.com%2F&pn=30&oq=2012-06-02%20site%3Ahuxiu.com%2F&ie=utf-8&rsv_pq=ec76862d0002906a&rsv_t=0c48BfkxwSR4OHOSIJtFqljVLQkgrZs6zuqXbhqj2mb2618%2BWKX%2FQrDSRFo&rsv_page=1
2017-08-30 23:10:54 INFO http://www.baidu.com/s?wd=2012-06-02%20site%3Ahuxiu.com%2F&pn=40&oq=2012-06-02%20site%3Ahuxiu.com%2F&ie=utf-8&rsv_pq=c0e272ae00024898&rsv_t=bc9czaHiC5TRoxjJ3bTGohV%2FrZZwW4itCsyzoNVURTOgb8EWuHopEY2FCDE&rsv_page=1
2017-08-30 23:10:58 INFO http://www.baidu.com/s?ie=UTF-8&wd=2012-06-03%20site%3Ahuxiu.com/
2017-08-30 23:10:59 INFO http://www.baidu.com/s?wd=2012-06-03%20site%3Ahuxiu.com%2F&pn=10&oq=2012-06-03%20site%3Ahuxiu.com%2F&ie=utf-8&rsv_pq=b5f3032f000264b2&rsv_t=3e24QtyaKdHsvG%2FccOyYq9wVhSBJKYmQzh%2FPZV03hbjYC30BhhiCktVQ6%2Fg&rsv_page=1
2017-08-30 23:11:00 INFO http://www.baidu.com/s?wd=2012-06-03%20site%3Ahuxiu.com%2F&pn=20&oq=2012-06-03%20site%3Ahuxiu.com%2F&ie=utf-8&rsv_pq=b96dc3d900026308&rsv_t=4bacBM0nOdx%2FbLKGvgJc0jUNUvSSJZ4u2m4nZoXvs9fVwhVC96uGU%2BFIau8&rsv_page=1
2017-08-30 23:11:01 INFO http://www.baidu.com/s?wd=2012-06-03%20site%3Ahuxiu.com%2F&pn=30&oq=2012-06-03%20site%3Ahuxiu.com%2F&ie=utf-8&rsv_pq=de585ccd000256de&rsv_t=e7a6vW3UM%2FpA4HvORs7bIBmFiU3ru9iVC4gxK7OSbzN7wK8QqxiTk9i9jbQ&rsv_page=1
2017-08-30 23:11:05 INFO http://www.baidu.com/s?ie=UTF-8&wd=2012-06-04%20site%3Ahuxiu.com/
2017-08-30 23:11:06 INFO http://www.baidu.com/s?wd=2012-06-04%20site%3Ahuxiu.com%2F&pn=10&oq=2012-06-04%20site%3Ahuxiu.com%2F&ie=utf-8&rsv_pq=f18897e4000238d3&rsv_t=f341XhRYcHq5WCjAJ%2FS9HiH6igJ55UZqhz2W5P3CrZ7sgnjgFjgGRS7yKTE&rsv_page=1
2017-08-30 23:11:07 INFO http://www.baidu.com/s?wd=2012-06-04%20site%3Ahuxiu.com%2F&pn=20&oq=2012-06-04%20site%3Ahuxiu.com%2F&ie=utf-8&rsv_pq=e01d5c010002b472&rsv_t=917cmYEDfw2u1Ox92z7b1JRMl42Y0M0U4888rqr%2B9PyODeiaFGKSLX%2F%2ByaQ&rsv_page=1
2017-08-30 23:11:08 INFO http://www.baidu.com/s?wd=2012-06-04%20site%3Ahuxiu.com%2F&pn=30&oq=2012-06-04%20site%3Ahuxiu.com%2F&ie=utf-8&rsv_pq=e174163d000225e2&rsv_t=4f7afuSdb83c%2FLBhmZ5z8YtN9Snc1WB0pJu%2FOvB6nk2Zb%2BypK%2Fyh1OZefaU&rsv_page=1
2017-08-30 23:11:09 INFO http://www.baidu.com/s?wd=2012-06-04%20site%3Ahuxiu.com%2F&pn=40&oq=2012-06-04%20site%3Ahuxiu.com%2F&ie=utf-8&rsv_pq=d63f2ac00002399c&rsv_t=03cfHZU83Ou%2B%2FHk%2BN81C8PoqMcKl6JvledT%2BelE3YChhC%2BJj4GmsPhu6Rns&rsv_page=1
2017-08-30 23:11:12 INFO http://www.baidu.com/s?ie=UTF-8&wd=2012-06-05%20site%3Ahuxiu.com/
2017-08-30 23:11:14 INFO http://www.baidu.com/s?wd=2012-06-05%20site%3Ahuxiu.com%2F&pn=10&oq=2012-06-05%20site%3Ahuxiu.com%2F&ie=utf-8&rsv_pq=afda29810002681d&rsv_t=0ea9XgjhhTgBunaqtCjSkoWIUm%2Fg6F%2FnMTdF5i5FAvQl3NXJg8%2Fh61WvY%2Fs&rsv_page=1
2017-08-30 23:11:15 INFO http://www.baidu.com/s?wd=2012-06-05%20site%3Ahuxiu.com%2F&pn=20&oq=2012-06-05%20site%3Ahuxiu.com%2F&ie=utf-8&rsv_pq=de075f9200024cdb&rsv_t=46d9qBkSTS9DIvs9GoLOIAFA6mjFSWzYFuYhrhqEDM6mjVXmXe10gdU3TEI&rsv_page=1
2017-08-30 23:11:16 INFO http://www.baidu.com/s?wd=2012-06-05%20site%3Ahuxiu.com%2F&pn=30&oq=2012-06-05%20site%3Ahuxiu.com%2F&ie=utf-8&rsv_pq=c5ca31350002616e&rsv_t=0000k7stUU%2FavEq7hq3EfVCa9F%2FGmBqpVCprY1mk%2BV3W48yETU%2BU5%2Btp8y8&rsv_page=1
2017-08-30 23:11:17 INFO http://www.baidu.com/s?wd=2012-06-05%20site%3Ahuxiu.com%2F&pn=40&oq=2012-06-05%20site%3Ahuxiu.com%2F&ie=utf-8&rsv_pq=e7b7b7aa00024c7e&rsv_t=cc91UxRcrkWBJm9caiWu5bejyVXH8BBzm2PIOTtC2kCRxxaIuC54twI0nxs&rsv_page=1
2017-08-30 23:11:21 INFO http://www.baidu.com/s?ie=UTF-8&wd=2012-06-06%20site%3Ahuxiu.com/
2017-08-30 23:11:22 INFO http://www.baidu.com/s?wd=2012-06-06%20site%3Ahuxiu.com%2F&pn=10&oq=2012-06-06%20site%3Ahuxiu.com%2F&ie=utf-8&rsv_pq=ed50520d000271ff&rsv_t=a2613mtU9Z3zzlE3Z%2Byp%2Fjg%2FIbS6mlT8qhh5GfQEvcrCOZPl%2F6xFsfjQvzU&rsv_page=1
2017-08-30 23:11:22 INFO http://www.baidu.com/s?wd=2012-06-06%20site%3Ahuxiu.com%2F&pn=20&oq=2012-06-06%20site%3Ahuxiu.com%2F&ie=utf-8&rsv_pq=9c580c32000153bb&rsv_t=c969F7lSBhm7wq93eDj9Of7kgkhwjri3TWFVQsgU3RQ14C5H%2FyTU6UeCA9w&rsv_page=1
2017-08-30 23:11:23 INFO http://www.baidu.com/s?wd=2012-06-06%20site%3Ahuxiu.com%2F&pn=30&oq=2012-06-06%20site%3Ahuxiu.com%2F&ie=utf-8&rsv_pq=fdac534100015642&rsv_t=1b29BBQ7w8%2Br11k8dv0rDIbnvWY1btPjfzyg3ZFDYdQzjbb%2Fvzg4LqZ0Lp4&rsv_page=1
2017-08-30 23:11:23 INFO http://www.baidu.com/s?wd=2012-06-06%20site%3Ahuxiu.com%2F&pn=40&oq=2012-06-06%20site%3Ahuxiu.com%2F&ie=utf-8&rsv_pq=bbf1dde000017616&rsv_t=18c4OLpO2s5nYmVE4yvV3ki82d2ZiHSCJQPWOckZ1G41s8v7oVamj8KaTJA&rsv_page=1
2017-08-30 23:11:27 INFO http://www.baidu.com/s?ie=UTF-8&wd=2012-06-07%20site%3Ahuxiu.com/
2017-08-30 23:11:28 INFO http://www.baidu.com/s?wd=2012-06-07%20site%3Ahuxiu.com%2F&pn=10&oq=2012-06-07%20site%3Ahuxiu.com%2F&ie=utf-8&rsv_pq=9875702100014e37&rsv_t=cad0UH4RdABkJtJMtebPFTXoKqOwoWt7NkJWU0yWt9BZtQEFGhjtta53M4k&rsv_page=1
2017-08-30 23:11:28 INFO http://www.baidu.com/s?wd=2012-06-07%20site%3Ahuxiu.com%2F&pn=20&oq=2012-06-07%20site%3Ahuxiu.com%2F&ie=utf-8&rsv_pq=eb3b6a9e00013a7a&rsv_t=a492g5FcpY0ZM%2FjR70ATO%2FTZVi45o43PoXQ2d1VkyPxvoMZONh%2BpQokXqzY&rsv_page=1
2017-08-30 23:11:29 INFO http://www.baidu.com/s?wd=2012-06-07%20site%3Ahuxiu.com%2F&pn=30&oq=2012-06-07%20site%3Ahuxiu.com%2F&ie=utf-8&rsv_pq=f2539abe0001679f&rsv_t=cdbarjToQCl65zkuoCCw7Gl7dkPyLMIbXxPC5JpIYq3jCYX4yKNt7fweZMo&rsv_page=1
2017-08-30 23:11:30 INFO http://www.baidu.com/s?wd=2012-06-07%20site%3Ahuxiu.com%2F&pn=40&oq=2012-06-07%20site%3Ahuxiu.com%2F&ie=utf-8&rsv_pq=c18f23da00014ff5&rsv_t=ce21sCL3ziQYlgqu090D20bdXNVQQIoPoncHAMF%2F5WM1l0LHkc%2BeMbTV8RI&rsv_page=1
2017-08-30 23:11:33 INFO http://www.baidu.com/s?ie=UTF-8&wd=2012-06-08%20site%3Ahuxiu.com/
2017-08-30 23:11:34 INFO http://www.baidu.com/s?wd=2012-06-08%20site%3Ahuxiu.com%2F&pn=10&oq=2012-06-08%20site%3Ahuxiu.com%2F&ie=utf-8&rsv_pq=be3ff1480001557b&rsv_t=09acYDgZmDMkVZOmDQdIM9L5xlUGGGKgu5akTJv27VAEHdLg5DiweWirtUY&rsv_page=1
2017-08-30 23:11:35 INFO http://www.baidu.com/s?wd=2012-06-08%20site%3Ahuxiu.com%2F&pn=20&oq=2012-06-08%20site%3Ahuxiu.com%2F&ie=utf-8&rsv_pq=8dcd497800013b4c&rsv_t=5d3f%2ByEhoGQalGvm%2BozAhfoXSQZH%2FrI%2BUaK%2BvhdSmHWXtrrkBW2eQRNAv0A&rsv_page=1
2017-08-30 23:11:35 INFO http://www.baidu.com/s?wd=2012-06-08%20site%3Ahuxiu.com%2F&pn=30&oq=2012-06-08%20site%3Ahuxiu.com%2F&ie=utf-8&rsv_pq=c848bbfc00015cf4&rsv_t=352a6DR8awUGTbw55J1ufxHY%2BLl4QvLv4y07E%2BCMAXOg4%2F%2BhnRXXjLPgUnU&rsv_page=1
2017-08-30 23:11:36 INFO http://www.baidu.com/s?wd=2012-06-08%20site%3Ahuxiu.com%2F&pn=40&oq=2012-06-08%20site%3Ahuxiu.com%2F&ie=utf-8&rsv_pq=ab4e7e4b00014dd0&rsv_t=ccbfQBriDxkMdGstv%2BAbpa0wybWfhL8eVV61puf2SPBmom0P9DKAXUnsdAY&rsv_page=1
2017-08-30 23:11:39 INFO http://www.baidu.com/s?ie=UTF-8&wd=2012-06-09%20site%3Ahuxiu.com/
2017-08-30 23:11:40 INFO http://www.baidu.com/s?wd=2012-06-09%20site%3Ahuxiu.com%2F&pn=10&oq=2012-06-09%20site%3Ahuxiu.com%2F&ie=utf-8&rsv_pq=94190236000169da&rsv_t=aaeatT810%2F9ffmgJjPtDPRglc331OWVMubZsHt%2BXx1RfRGPMXcxqrbiEUR4&rsv_page=1
2017-08-30 23:11:41 INFO http://www.baidu.com/s?wd=2012-06-09%20site%3Ahuxiu.com%2F&pn=20&oq=2012-06-09%20site%3Ahuxiu.com%2F&ie=utf-8&rsv_pq=b03928fa000167ff&rsv_t=fb48tPO%2BCCzywPt%2BqpJhY1vD3ukL8K7Emv8Dk6gAXIgwSW19RiNV5r6zlCE&rsv_page=1
2017-08-30 23:11:41 INFO http://www.baidu.com/s?wd=2012-06-09%20site%3Ahuxiu.com%2F&pn=30&oq=2012-06-09%20site%3Ahuxiu.com%2F&ie=utf-8&rsv_pq=f4ca0137000156f2&rsv_t=9149jw201PRY99xKaptE8M8u%2Fd2BJwFlrOnZW6y%2B%2Bhxago1zlwCv%2FdAlYMk&rsv_page=1
2017-08-30 23:11:42 INFO http://www.baidu.com/s?wd=2012-06-09%20site%3Ahuxiu.com%2F&pn=40&oq=2012-06-09%20site%3Ahuxiu.com%2F&ie=utf-8&rsv_pq=a5b4ff7d00016aef&rsv_t=d38047ra4E3z%2Bzgx6GA5hc7fIICDFpcLpAfjlXGitBB4VFyiTIaqadeDRMk&rsv_page=1
2017-08-30 23:11:45 INFO http://www.baidu.com/s?ie=UTF-8&wd=2012-06-10%20site%3Ahuxiu.com/
2017-08-30 23:11:46 INFO http://www.baidu.com/s?wd=2012-06-10%20site%3Ahuxiu.com%2F&pn=10&oq=2012-06-10%20site%3Ahuxiu.com%2F&ie=utf-8&rsv_pq=b5ea9ee4000172ee&rsv_t=4f27PEkohVfg5fez8KXTzgAG4QQv32nSTHiMGb9M6RgUkWEHrVsKMPsNu74&rsv_page=1
2017-08-30 23:11:47 INFO http://www.baidu.com/s?wd=2012-06-10%20site%3Ahuxiu.com%2F&pn=20&oq=2012-06-10%20site%3Ahuxiu.com%2F&ie=utf-8&rsv_pq=8b7bf1d900013448&rsv_t=0604yUnnbWg%2FW%2BsUvtGaLOse0k4TfRLbnAkTJqHYCEi1egDuL96zKxIGVFs&rsv_page=1
2017-08-30 23:11:48 INFO http://www.baidu.com/s?wd=2012-06-10%20site%3Ahuxiu.com%2F&pn=30&oq=2012-06-10%20site%3Ahuxiu.com%2F&ie=utf-8&rsv_pq=9249243a00015362&rsv_t=ea37GPLlNBX6OX%2FWh9Qn7o5y6xlGQEt7iSSia2ormPcA1%2BZJ%2BonGyV0rEqc&rsv_page=1
2017-08-30 23:11:49 INFO http://www.baidu.com/s?wd=2012-06-10%20site%3Ahuxiu.com%2F&pn=40&oq=2012-06-10%20site%3Ahuxiu.com%2F&ie=utf-8&rsv_pq=e74b7728000159bd&rsv_t=acc8HDoYUISH%2BEwkzeyWwFUaGRT6mOxH1vrtFuwHMkPXCjFXd1S8J8J4o5k&rsv_page=1
2017-08-30 23:11:52 INFO http://www.baidu.com/s?ie=UTF-8&wd=2012-06-11%20site%3Ahuxiu.com/
2017-08-30 23:11:53 INFO http://www.baidu.com/s?wd=2012-06-11%20site%3Ahuxiu.com%2F&pn=10&oq=2012-06-11%20site%3Ahuxiu.com%2F&ie=utf-8&rsv_pq=9c7dede3000145cc&rsv_t=0d4b%2FJCB53q0SBpdxF4VVvV6IsrNtMhBBYOrORaUB2JCvlOTW6WnMJPx2%2Fs&rsv_page=1
2017-08-30 23:11:54 INFO http://www.baidu.com/s?wd=2012-06-11%20site%3Ahuxiu.com%2F&pn=20&oq=2012-06-11%20site%3Ahuxiu.com%2F&ie=utf-8&rsv_pq=f04c3cff00011560&rsv_t=a656NV87CPmY1PMgKqufHor6X55LGBFrGgzbdEDx3dEyfbMQFyFMOFe9Lf0&rsv_page=1
2017-08-30 23:11:55 INFO http://www.baidu.com/s?wd=2012-06-11%20site%3Ahuxiu.com%2F&pn=30&oq=2012-06-11%20site%3Ahuxiu.com%2F&ie=utf-8&rsv_pq=ee92b41a00014495&rsv_t=2480SDmD4mWw6hmgSB1A6%2BUnrrH13HXOwrAi1IkxgKtBSRYusPdkzLmlREM&rsv_page=1
2017-08-30 23:11:55 INFO http://www.baidu.com/s?wd=2012-06-11%20site%3Ahuxiu.com%2F&pn=40&oq=2012-06-11%20site%3Ahuxiu.com%2F&ie=utf-8&rsv_pq=9e825f6b00021c5d&rsv_t=49b6g44WtaPu5tCNYenDSLH0C4ve6h%2BB0dDLfe%2FKsRDVELJiX2CrFIXcZ6Y&rsv_page=1
2017-08-30 23:11:59 INFO http://www.baidu.com/s?ie=UTF-8&wd=2012-06-12%20site%3Ahuxiu.com/
2017-08-30 23:12:00 INFO http://www.baidu.com/s?wd=2012-06-12%20site%3Ahuxiu.com%2F&pn=10&oq=2012-06-12%20site%3Ahuxiu.com%2F&ie=utf-8&rsv_pq=b5765b8000016c08&rsv_t=7123lcQFlquSOoc2XBVEstjPNC6x01S1JmzLrP6oRwSqaYVxl5UQJyupT7I&rsv_page=1
2017-08-30 23:12:01 INFO http://www.baidu.com/s?wd=2012-06-12%20site%3Ahuxiu.com%2F&pn=20&oq=2012-06-12%20site%3Ahuxiu.com%2F&ie=utf-8&rsv_pq=f3f24b5300015e47&rsv_t=3080yv57k87I1%2FZIKU5TQIzzFLAPcxVdknN%2F0xs93EwH%2BGDWwIxaS6GUHqg&rsv_page=1
2017-08-30 23:12:02 INFO http://www.baidu.com/s?wd=2012-06-12%20site%3Ahuxiu.com%2F&pn=30&oq=2012-06-12%20site%3Ahuxiu.com%2F&ie=utf-8&rsv_pq=a63027d700017511&rsv_t=05bagd5DEkZb8YOkpTXVdZ9pey11VZXMIpiqHiNf4LlMwywXAkoFSyzatQw&rsv_page=1
2017-08-30 23:12:03 INFO http://www.baidu.com/s?wd=2012-06-12%20site%3Ahuxiu.com%2F&pn=40&oq=2012-06-12%20site%3Ahuxiu.com%2F&ie=utf-8&rsv_pq=955a36860001726b&rsv_t=65d0r3c%2BVUoall4M46%2FIz7uTkrxgAYr357ARSsqFPLo1ZoBy2%2BnUpTDXpAA&rsv_page=1
2017-08-30 23:12:06 INFO http://www.baidu.com/s?ie=UTF-8&wd=2012-06-13%20site%3Ahuxiu.com/
2017-08-30 23:12:07 INFO http://www.baidu.com/s?wd=2012-06-13%20site%3Ahuxiu.com%2F&pn=10&oq=2012-06-13%20site%3Ahuxiu.com%2F&ie=utf-8&rsv_pq=906bf27f00017463&rsv_t=77e3%2BJ5C5b0gc7fNqFebdDKILSVwWkLpX1dnrHPalG1jcOJUuxSa0%2FLI%2B%2F8&rsv_page=1
2017-08-30 23:12:08 INFO http://www.baidu.com/s?wd=2012-06-13%20site%3Ahuxiu.com%2F&pn=20&oq=2012-06-13%20site%3Ahuxiu.com%2F&ie=utf-8&rsv_pq=b83a9dcb000146b0&rsv_t=05fbTvZ6FbILc7OfQKl5dLbiie%2FuOlN9c6KyPybT%2Bv4PiDOVnZigFD258C4&rsv_page=1
2017-08-30 23:12:09 INFO http://www.baidu.com/s?wd=2012-06-13%20site%3Ahuxiu.com%2F&pn=30&oq=2012-06-13%20site%3Ahuxiu.com%2F&ie=utf-8&rsv_pq=c56cd306000184a6&rsv_t=4c1cbp615YGyuJO0eJ9Ng1gA1DULLl2RnSKm4tfrYrzV4TLlrHbZiaww3xw&rsv_page=1
2017-08-30 23:12:10 INFO http://www.baidu.com/s?wd=2012-06-13%20site%3Ahuxiu.com%2F&pn=40&oq=2012-06-13%20site%3Ahuxiu.com%2F&ie=utf-8&rsv_pq=86f602e40001324d&rsv_t=2b83GDHtcUUZme9SJOccVW%2BMhRX%2Flqf0VnOqd9sL6QATrcN10zc9w5GxH7U&rsv_page=1
2017-08-30 23:12:13 INFO http://www.baidu.com/s?ie=UTF-8&wd=2012-06-14%20site%3Ahuxiu.com/
2017-08-30 23:12:14 INFO http://www.baidu.com/s?wd=2012-06-14%20site%3Ahuxiu.com%2F&pn=10&oq=2012-06-14%20site%3Ahuxiu.com%2F&ie=utf-8&rsv_pq=e6b4df09000168c8&rsv_t=175dD9kIfpXvZN7l1hHfXLd%2FoSNgwPs7lxu4oATCIodIT98BRI7ZEe%2BsD4s&rsv_page=1
2017-08-30 23:12:15 INFO http://www.baidu.com/s?wd=2012-06-14%20site%3Ahuxiu.com%2F&pn=20&oq=2012-06-14%20site%3Ahuxiu.com%2F&ie=utf-8&rsv_pq=aadcc7a700013b85&rsv_t=649c5VJHcJCnT%2BfTzkx1%2BW3%2BuoaFBoX1wgZAYulvifke%2FpWBWGP87%2B%2Blgio&rsv_page=1
2017-08-30 23:12:16 INFO http://www.baidu.com/s?wd=2012-06-14%20site%3Ahuxiu.com%2F&pn=30&oq=2012-06-14%20site%3Ahuxiu.com%2F&ie=utf-8&rsv_pq=8fa9b5b000014b95&rsv_t=8705rIY3gVpUDswa8itUbIs31l9igNTuS7Hcm8JTDsulDrK%2BJANXF%2BGthqU&rsv_page=1
2017-08-30 23:12:20 INFO http://www.baidu.com/s?ie=UTF-8&wd=2012-06-15%20site%3Ahuxiu.com/
2017-08-30 23:12:20 INFO http://www.baidu.com/s?wd=2012-06-15%20site%3Ahuxiu.com%2F&pn=10&oq=2012-06-15%20site%3Ahuxiu.com%2F&ie=utf-8&rsv_pq=bcd96f32000131a8&rsv_t=8edfvoeiM%2F9NfD2fdJkEMf6wEewky5YFgi2b4EGkkTWCnRsmvvH94M28uYQ&rsv_page=1
2017-08-30 23:12:21 INFO http://www.baidu.com/s?wd=2012-06-15%20site%3Ahuxiu.com%2F&pn=20&oq=2012-06-15%20site%3Ahuxiu.com%2F&ie=utf-8&rsv_pq=abac741100010a9e&rsv_t=4eefNHcUlpZP4RM6RUz6QjL3uQbP4ihaE9YP%2BGdH5U9p9795OcUB7ZoI2kQ&rsv_page=1
2017-08-30 23:12:22 INFO http://www.baidu.com/s?wd=2012-06-15%20site%3Ahuxiu.com%2F&pn=30&oq=2012-06-15%20site%3Ahuxiu.com%2F&ie=utf-8&rsv_pq=b06fc4050001638f&rsv_t=54a3gGhbwJUh1c%2FOgM824ftIAHmkJG6Yezg7BSgS2iiTabT7UKj%2F77rC3l4&rsv_page=1
2017-08-30 23:12:23 INFO http://www.baidu.com/s?wd=2012-06-15%20site%3Ahuxiu.com%2F&pn=40&oq=2012-06-15%20site%3Ahuxiu.com%2F&ie=utf-8&rsv_pq=f9d4520400014ba6&rsv_t=fd95DPWHr0%2BGgckEj1ZH6aqPDh37ixS63gIYaWHxpP3k9O%2FLZIDdy3Z7xM0&rsv_page=1
2017-08-30 23:12:26 INFO http://www.baidu.com/s?ie=UTF-8&wd=2012-06-16%20site%3Ahuxiu.com/
2017-08-30 23:12:27 INFO http://www.baidu.com/s?wd=2012-06-16%20site%3Ahuxiu.com%2F&pn=10&oq=2012-06-16%20site%3Ahuxiu.com%2F&ie=utf-8&rsv_pq=dffd41410001736b&rsv_t=d415aM%2BU6htEAVwbC1cDpup07aa97%2B%2B8gjSE0kQhabq5HKZbQhbsRqbQJmc&rsv_page=1
2017-08-30 23:12:28 INFO http://www.baidu.com/s?wd=2012-06-16%20site%3Ahuxiu.com%2F&pn=20&oq=2012-06-16%20site%3Ahuxiu.com%2F&ie=utf-8&rsv_pq=d4ac5e3100013fe3&rsv_t=d6e2GD4Nfn5xB24ZH105wGT8yFmmpNaxIkkiw6iVi1lqHxdzuHLMcEt%2BjOI&rsv_page=1
2017-08-30 23:12:29 INFO http://www.baidu.com/s?wd=2012-06-16%20site%3Ahuxiu.com%2F&pn=30&oq=2012-06-16%20site%3Ahuxiu.com%2F&ie=utf-8&rsv_pq=971e7ccb00013598&rsv_t=13e7i9GgcYMN9A90Q%2FCndFb5OD425kAAsqc0AdsU%2FOMkc830uf2nLd6qe4U&rsv_page=1
2017-08-30 23:12:29 INFO http://www.baidu.com/s?wd=2012-06-16%20site%3Ahuxiu.com%2F&pn=40&oq=2012-06-16%20site%3Ahuxiu.com%2F&ie=utf-8&rsv_pq=f5782d1f00017084&rsv_t=63d0uSaUSsCryN%2FQ4CaTbT7%2BXA3VPfmFpx4T9XBuBzhrVJ4HAkr8ZY4t%2Bkk&rsv_page=1
2017-08-30 23:12:33 INFO http://www.baidu.com/s?ie=UTF-8&wd=2012-06-17%20site%3Ahuxiu.com/
2017-08-30 23:12:34 INFO http://www.baidu.com/s?wd=2012-06-17%20site%3Ahuxiu.com%2F&pn=10&oq=2012-06-17%20site%3Ahuxiu.com%2F&ie=utf-8&rsv_pq=99e06aa400013fc4&rsv_t=69a3UoJBh%2BIAUI0%2FrRf8h6UkMU5jaF7lwCGdU%2FGCou0LlnGBjVWHTeIO6eg&rsv_page=1
2017-08-30 23:12:35 INFO http://www.baidu.com/s?wd=2012-06-17%20site%3Ahuxiu.com%2F&pn=20&oq=2012-06-17%20site%3Ahuxiu.com%2F&ie=utf-8&rsv_pq=b7591cd6000170d3&rsv_t=9447WFp%2FaXjCnHf21%2B0FbQoj%2BtUXH0kA0RHKr%2Fj8rPgN0SiOw8OAS62FCEE&rsv_page=1
2017-08-30 23:12:36 INFO http://www.baidu.com/s?wd=2012-06-17%20site%3Ahuxiu.com%2F&pn=30&oq=2012-06-17%20site%3Ahuxiu.com%2F&ie=utf-8&rsv_pq=8f95310f00017195&rsv_t=ea06A0VBN%2B4714zr9IszdU%2F0L8qHaTlMI5jn6WPCA0BKNoETcI6iq9pg1KE&rsv_page=1
2017-08-30 23:12:37 INFO http://www.baidu.com/s?wd=2012-06-17%20site%3Ahuxiu.com%2F&pn=40&oq=2012-06-17%20site%3Ahuxiu.com%2F&ie=utf-8&rsv_pq=edfe690f00013c2e&rsv_t=06052GH0epf%2BNqwlXZ%2BggVXNUys6xpl%2BGsiaWTbWmz15Vi5tYkjIPH%2B%2BlrI&rsv_page=1
2017-08-30 23:12:40 INFO http://www.baidu.com/s?ie=UTF-8&wd=2012-06-18%20site%3Ahuxiu.com/
2017-08-30 23:12:41 INFO http://www.baidu.com/s?wd=2012-06-18%20site%3Ahuxiu.com%2F&pn=10&oq=2012-06-18%20site%3Ahuxiu.com%2F&ie=utf-8&rsv_pq=92458abc00013b57&rsv_t=9987Rrvcz1cofOUpQl%2FGpvvs5KyqUGnIw5QsEEf%2F5uZigGJIEdUyfBNtSms&rsv_page=1
2017-08-30 23:12:42 INFO http://www.baidu.com/s?wd=2012-06-18%20site%3Ahuxiu.com%2F&pn=20&oq=2012-06-18%20site%3Ahuxiu.com%2F&ie=utf-8&rsv_pq=9436549a00016296&rsv_t=d6bd1oeUVYBY3pIRV%2BhfG%2BqFcIPFC9HvEJIMhY%2Fzo94lH35ONbuqR9F6HLg&rsv_page=1
2017-08-30 23:12:42 INFO http://www.baidu.com/s?wd=2012-06-18%20site%3Ahuxiu.com%2F&pn=30&oq=2012-06-18%20site%3Ahuxiu.com%2F&ie=utf-8&rsv_pq=8b07732e00017d88&rsv_t=ae81UDuwQuFFCcqYxhXrJWGO09ps0TREbrnJh6DXKe%2FllXLkOWULeciCj5c&rsv_page=1
2017-08-30 23:12:43 INFO http://www.baidu.com/s?wd=2012-06-18%20site%3Ahuxiu.com%2F&pn=40&oq=2012-06-18%20site%3Ahuxiu.com%2F&ie=utf-8&rsv_pq=b0b9d881000154b5&rsv_t=756aqiw%2B%2BjbwJcZRk4fUuuHDxVh3tOPe7Tb39THXPUe5d3G4PNk3QryneuU&rsv_page=1
2017-08-30 23:12:46 INFO http://www.baidu.com/s?ie=UTF-8&wd=2012-06-19%20site%3Ahuxiu.com/
2017-08-30 23:12:47 INFO http://www.baidu.com/s?wd=2012-06-19%20site%3Ahuxiu.com%2F&pn=10&oq=2012-06-19%20site%3Ahuxiu.com%2F&ie=utf-8&rsv_pq=efb7530900013fea&rsv_t=758f1brEiDLXPFxVbyEmuj7Emp2RDwEhrSwo9UU8H48k5VlErmntwiOqRiU&rsv_page=1
2017-08-30 23:12:48 INFO http://www.baidu.com/s?wd=2012-06-19%20site%3Ahuxiu.com%2F&pn=20&oq=2012-06-19%20site%3Ahuxiu.com%2F&ie=utf-8&rsv_pq=9fa3086200014256&rsv_t=4e5ao1VYn4HV4eL2K0iGKA1on7JChWu7F2qMnEEVK0HoiJDY%2BpzRe2wNijA&rsv_page=1
2017-08-30 23:12:48 INFO http://www.baidu.com/s?wd=2012-06-19%20site%3Ahuxiu.com%2F&pn=30&oq=2012-06-19%20site%3Ahuxiu.com%2F&ie=utf-8&rsv_pq=efb753090001403c&rsv_t=b09aqVX9NbsCG%2FAXFOWRWqI469Ljxypg0RcgJQ%2FoMUSysy4Amk8j4aooPdw&rsv_page=1
2017-08-30 23:12:48 INFO http://www.baidu.com/s?wd=2012-06-19%20site%3Ahuxiu.com%2F&pn=40&oq=2012-06-19%20site%3Ahuxiu.com%2F&ie=utf-8&rsv_pq=94be5be6000139a8&rsv_t=2876nscVSx4H7wmtw0CDaOSvSHRnYLDaRjrpqWJMoC0W73Q%2Bev54F7Sd0w0&rsv_page=1
2017-08-30 23:12:52 INFO http://www.baidu.com/s?ie=UTF-8&wd=2012-06-20%20site%3Ahuxiu.com/
2017-08-30 23:12:52 INFO http://www.baidu.com/s?wd=2012-06-20%20site%3Ahuxiu.com%2F&pn=10&oq=2012-06-20%20site%3Ahuxiu.com%2F&ie=utf-8&rsv_pq=81a1c14200017d88&rsv_t=c4371jwHRWSFQI6ffJEqwXrPU4QcqMqvR4eE7kS%2FJMcqm3hhwzFkBHHtrTo&rsv_page=1
2017-08-30 23:12:53 INFO http://www.baidu.com/s?wd=2012-06-20%20site%3Ahuxiu.com%2F&pn=20&oq=2012-06-20%20site%3Ahuxiu.com%2F&ie=utf-8&rsv_pq=921188d600015e43&rsv_t=fcadz4xeUXy6Fs4ymZ1PcGKU4gLLMnKWcTUU6HlA6SMI8NS9H3vmZ%2FxX4pw&rsv_page=1
2017-08-30 23:12:53 INFO http://www.baidu.com/s?wd=2012-06-20%20site%3Ahuxiu.com%2F&pn=30&oq=2012-06-20%20site%3Ahuxiu.com%2F&ie=utf-8&rsv_pq=c3e9b88400013c0e&rsv_t=91b01OCiZLhkEp%2BY%2Bgaso08YScKWEBKl%2Bd25Sy7Dv8sduoozvr%2B%2BLkufp%2Fg&rsv_page=1
2017-08-30 23:12:54 INFO http://www.baidu.com/s?wd=2012-06-20%20site%3Ahuxiu.com%2F&pn=40&oq=2012-06-20%20site%3Ahuxiu.com%2F&ie=utf-8&rsv_pq=93e38ac2000167b7&rsv_t=fd0cN6e51uuPuTVcOwbJFnUymURhn8iwngFWwXfvlxpmXaIjk4xe49Q0VfE&rsv_page=1
2017-08-30 23:12:57 INFO http://www.baidu.com/s?ie=UTF-8&wd=2012-06-21%20site%3Ahuxiu.com/
2017-08-30 23:12:58 INFO http://www.baidu.com/s?wd=2012-06-21%20site%3Ahuxiu.com%2F&pn=10&oq=2012-06-21%20site%3Ahuxiu.com%2F&ie=utf-8&rsv_pq=a2158da60001896f&rsv_t=cf5a9JkcYIQ%2B9wPdHa9fHvtorUiY%2FmnlgVugKqLz2eWjdlaw3Np%2Bj642Qg4&rsv_page=1
2017-08-30 23:12:58 INFO http://www.baidu.com/s?wd=2012-06-21%20site%3Ahuxiu.com%2F&pn=20&oq=2012-06-21%20site%3Ahuxiu.com%2F&ie=utf-8&rsv_pq=a1b6d99800018ba8&rsv_t=b8fdY2d%2BzYzis%2BryGRxjl3nX6r4GTpqMUFsxovsCOTwiE84T3%2Bdn3YWKtIQ&rsv_page=1
2017-08-30 23:12:58 INFO http://www.baidu.com/s?wd=2012-06-21%20site%3Ahuxiu.com%2F&pn=30&oq=2012-06-21%20site%3Ahuxiu.com%2F&ie=utf-8&rsv_pq=8f06cc5f00018983&rsv_t=f808CUiYDqBhCZP0LKMNArcxndq8p%2BB4gM%2FC0EVTkRSQUYzfsTjy%2FpPeUwQ&rsv_page=1
2017-08-30 23:12:59 INFO http://www.baidu.com/s?wd=2012-06-21%20site%3Ahuxiu.com%2F&pn=40&oq=2012-06-21%20site%3Ahuxiu.com%2F&ie=utf-8&rsv_pq=aebec3c500025b2f&rsv_t=5945r%2BQm9usJr7vYg%2FKErO4oEPXMTR63NvCvWGkyXrToGZ5GUIWNjO3ryg8&rsv_page=1
2017-08-30 23:13:02 INFO http://www.baidu.com/s?ie=UTF-8&wd=2012-06-22%20site%3Ahuxiu.com/
2017-08-30 23:13:03 INFO http://www.baidu.com/s?wd=2012-06-22%20site%3Ahuxiu.com%2F&pn=10&oq=2012-06-22%20site%3Ahuxiu.com%2F&ie=utf-8&rsv_pq=8e07a3ff000155da&rsv_t=b2aeiceTMEoNfZxubHaG6Xhl0aDDq1nKOMwv%2BopU074JtzDTw8BpQNgxWus&rsv_page=1
2017-08-30 23:13:03 INFO http://www.baidu.com/s?wd=2012-06-22%20site%3Ahuxiu.com%2F&pn=20&oq=2012-06-22%20site%3Ahuxiu.com%2F&ie=utf-8&rsv_pq=ec0c0b7d00015685&rsv_t=77360Qcw00ay47gY80CRhYTAWolH6oNjUKBRC6rt6k9Phz3jIw654X1ZkXY&rsv_page=1
