2017-08-31 12:31:40 INFO http://www.baidu.com/s?ie=UTF-8&wd=2010-01-01%20site%3Awoshipm.com/
2017-08-31 12:31:41 INFO http://www.baidu.com/s?wd=2010-01-01%20site%3Awoshipm.com%2F&pn=10&oq=2010-01-01%20site%3Awoshipm.com%2F&ie=utf-8&rsv_pq=ddc8c7c40002ce3d&rsv_t=36dfBS3lKuDcP3hiVlbhVKgkGtzzKZhb3BDMGaGK8UvF0HxCVHUR9Hb0voM&rsv_page=1
2017-08-31 12:31:41 INFO http://www.baidu.com/s?wd=2010-01-01%20site%3Awoshipm.com%2F&pn=20&oq=2010-01-01%20site%3Awoshipm.com%2F&ie=utf-8&rsv_pq=b37ec9ff000255ab&rsv_t=324alcZ8sJbdrtMyV359SdBHYveHp%2FRuKdJaxmVvb2vjAzuiJc1p%2B2dxAjw&rsv_page=1
2017-08-31 12:31:42 INFO http://www.baidu.com/s?wd=2010-01-01%20site%3Awoshipm.com%2F&pn=30&oq=2010-01-01%20site%3Awoshipm.com%2F&ie=utf-8&rsv_pq=c74f169b0002eae4&rsv_t=46e17uiEdTBCJ%2F8yHd1dw0PsosaVhliSjbTFpiHiURBbPBjZYo4ZufKng%2FM&rsv_page=1
2017-08-31 12:31:43 INFO http://www.baidu.com/s?wd=2010-01-01%20site%3Awoshipm.com%2F&pn=40&oq=2010-01-01%20site%3Awoshipm.com%2F&ie=utf-8&rsv_pq=af5e7c1400028ce4&rsv_t=d836Z5JIhUbfM3z5LmXdK76KlqDpNQtXX9FbYI4ax229D20FL%2F3dLRNUGgM&rsv_page=1
2017-08-31 12:31:47 INFO http://www.baidu.com/s?ie=UTF-8&wd=2010-01-02%20site%3Awoshipm.com/
2017-08-31 12:31:47 INFO http://www.baidu.com/s?wd=2010-01-02%20site%3Awoshipm.com%2F&pn=10&oq=2010-01-02%20site%3Awoshipm.com%2F&ie=utf-8&rsv_pq=81ab5a0300029748&rsv_t=f34an0ac4yG%2BNpuaqQQYeAq9Z3IjYmubFIlQxGFPIU63kWwuM38PeraKXzM&rsv_page=1
2017-08-31 12:31:48 INFO http://www.baidu.com/s?wd=2010-01-02%20site%3Awoshipm.com%2F&pn=20&oq=2010-01-02%20site%3Awoshipm.com%2F&ie=utf-8&rsv_pq=ec329cf80002ef75&rsv_t=7079npz7m4%2FAsV5K66lqC4v70P3SqG%2Fch7dK1iyedUCWnx9B3gWAat1KhrM&rsv_page=1
2017-08-31 12:31:49 INFO http://www.baidu.com/s?wd=2010-01-02%20site%3Awoshipm.com%2F&pn=30&oq=2010-01-02%20site%3Awoshipm.com%2F&ie=utf-8&rsv_pq=806f65350002edaa&rsv_t=9fbb3nND3Ab2tAt85Ao8zHEm8tSyfPA8EBVNQUUdHWgtBxNCei%2FkjpxjbvQ&rsv_page=1
2017-08-31 12:31:49 INFO http://www.baidu.com/s?wd=2010-01-02%20site%3Awoshipm.com%2F&pn=40&oq=2010-01-02%20site%3Awoshipm.com%2F&ie=utf-8&rsv_pq=b566a636000354b6&rsv_t=a045sYqYUMXlVZamXyPRP1zJowDn9JkN8XeBtoaQip2e6dgVOdnVPfB3z1I&rsv_page=1
2017-08-31 12:31:53 INFO http://www.baidu.com/s?ie=UTF-8&wd=2010-01-03%20site%3Awoshipm.com/
2017-08-31 12:31:54 INFO http://www.baidu.com/s?wd=2010-01-03%20site%3Awoshipm.com%2F&pn=10&oq=2010-01-03%20site%3Awoshipm.com%2F&ie=utf-8&rsv_pq=e48dabb800030867&rsv_t=81c1PyZqGXF80F7MbhcnUHJd3D2dwCtzdIjGLlC4oRy1Wk8SZVZ4yXAphpg&rsv_page=1
2017-08-31 12:31:54 INFO http://www.baidu.com/s?wd=2010-01-03%20site%3Awoshipm.com%2F&pn=20&oq=2010-01-03%20site%3Awoshipm.com%2F&ie=utf-8&rsv_pq=8d956e8c0002a0e1&rsv_t=a5f3oKKoeoziln0bDD1jlHeV3v38JgbyK%2FQ%2FSS49Mh9pfIEBAZuN1J%2Bis7E&rsv_page=1
2017-08-31 12:31:55 INFO http://www.baidu.com/s?wd=2010-01-03%20site%3Awoshipm.com%2F&pn=30&oq=2010-01-03%20site%3Awoshipm.com%2F&ie=utf-8&rsv_pq=a9c429ad00028b5b&rsv_t=8480FRhXpXmO0MhZUug2PPQ5qCmxu7DEWJ8SAuA7ojkP6JTyF%2FHD6G7ZZcs&rsv_page=1
2017-08-31 12:31:56 INFO http://www.baidu.com/s?wd=2010-01-03%20site%3Awoshipm.com%2F&pn=40&oq=2010-01-03%20site%3Awoshipm.com%2F&ie=utf-8&rsv_pq=b421cc4b0002a785&rsv_t=ceac01fJsAdMBZ4GmcC8t0%2FhS5AIMnWBkT1j5DRoBN%2FAciJjeHrrBxpTXuw&rsv_page=1
2017-08-31 12:32:00 INFO http://www.baidu.com/s?ie=UTF-8&wd=2010-01-04%20site%3Awoshipm.com/
2017-08-31 12:32:00 INFO http://www.baidu.com/s?wd=2010-01-04%20site%3Awoshipm.com%2F&pn=10&oq=2010-01-04%20site%3Awoshipm.com%2F&ie=utf-8&rsv_pq=8f23c278000319f1&rsv_t=99aeMb11UBcSb7Ym4HpfFBIUhPeZWBYdEKstRMiZ8Jh%2Fn0QaQaAyClzzmNA&rsv_page=1
2017-08-31 12:32:01 INFO http://www.baidu.com/s?wd=2010-01-04%20site%3Awoshipm.com%2F&pn=20&oq=2010-01-04%20site%3Awoshipm.com%2F&ie=utf-8&rsv_pq=b9a9856c00030fcd&rsv_t=d78bbZ54BgQtlJ7GNRQ4yDaQiiAVNMKaYZvtIh2KE%2F9GKirMyCk8ZqmZ1x8&rsv_page=1
2017-08-31 12:32:02 INFO http://www.baidu.com/s?wd=2010-01-04%20site%3Awoshipm.com%2F&pn=30&oq=2010-01-04%20site%3Awoshipm.com%2F&ie=utf-8&rsv_pq=d39afc4700028a92&rsv_t=2a05r8XoYqe5WfKy%2FogfSB3gC9qS4GWlVk5I3eUQhqvr%2F4i5suQsNv6MXfM&rsv_page=1
2017-08-31 12:32:02 INFO http://www.baidu.com/s?wd=2010-01-04%20site%3Awoshipm.com%2F&pn=40&oq=2010-01-04%20site%3Awoshipm.com%2F&ie=utf-8&rsv_pq=dd7ea8550002ab14&rsv_t=8ff8jGOjAtl2Xc1oUty4y4CCKxUoJdIPN%2F%2BTGk2x09AXXDd2k0o1xwW9Xi0&rsv_page=1
2017-08-31 12:32:06 INFO http://www.baidu.com/s?ie=UTF-8&wd=2010-01-05%20site%3Awoshipm.com/
2017-08-31 12:32:07 INFO http://www.baidu.com/s?wd=2010-01-05%20site%3Awoshipm.com%2F&pn=10&oq=2010-01-05%20site%3Awoshipm.com%2F&ie=utf-8&rsv_pq=bba8eb8a0002e8b1&rsv_t=7f26N21e%2ByFJgRT%2FhC8xtTXv93WPLWYM%2BBxmbAAFMHX6EMtenGK4yK1k3VE&rsv_page=1
2017-08-31 12:32:08 INFO http://www.baidu.com/s?wd=2010-01-05%20site%3Awoshipm.com%2F&pn=20&oq=2010-01-05%20site%3Awoshipm.com%2F&ie=utf-8&rsv_pq=becb1ba2000296a3&rsv_t=ec57lFvrUFbfttqiePWw2R1mr1EUpfWZsRM3OSDa8pZveTuL7Ff%2FR5RbPsM&rsv_page=1
2017-08-31 12:32:08 INFO http://www.baidu.com/s?wd=2010-01-05%20site%3Awoshipm.com%2F&pn=30&oq=2010-01-05%20site%3Awoshipm.com%2F&ie=utf-8&rsv_pq=a93db4060002e4da&rsv_t=4ad0DZEt%2BCMgNPa6J5Ro5HwaZFwPFhyRy%2Bied1stlWjkaE8OxB1TWu74cu4&rsv_page=1
2017-08-31 12:32:09 INFO http://www.baidu.com/s?wd=2010-01-05%20site%3Awoshipm.com%2F&pn=40&oq=2010-01-05%20site%3Awoshipm.com%2F&ie=utf-8&rsv_pq=a6aa2c4a0003102b&rsv_t=df64sRVBXvECQ6euNmz2a89HPZiWDtuSBsqWyV1prgMb04bzKYU%2B%2BFeFHuc&rsv_page=1
2017-08-31 12:32:12 INFO http://www.baidu.com/s?ie=UTF-8&wd=2010-01-06%20site%3Awoshipm.com/
2017-08-31 12:32:13 INFO http://www.baidu.com/s?wd=2010-01-06%20site%3Awoshipm.com%2F&pn=10&oq=2010-01-06%20site%3Awoshipm.com%2F&ie=utf-8&rsv_pq=b29afd450002fe66&rsv_t=c1bd4S8Z8zbZoLdiik2jK6XhkfCiX58c3XbprH9aH18nDfhSMg0p1sYEbTg&rsv_page=1
2017-08-31 12:32:14 INFO http://www.baidu.com/s?wd=2010-01-06%20site%3Awoshipm.com%2F&pn=20&oq=2010-01-06%20site%3Awoshipm.com%2F&ie=utf-8&rsv_pq=bd7d0e090003137a&rsv_t=e76cexF4SlNtj2eIiyRfF%2B42IHt%2BKFrQ3YGSZuHH0A6yLB%2BOrcEMQuawQgE&rsv_page=1
2017-08-31 12:32:15 INFO http://www.baidu.com/s?wd=2010-01-06%20site%3Awoshipm.com%2F&pn=30&oq=2010-01-06%20site%3Awoshipm.com%2F&ie=utf-8&rsv_pq=b23741a20002a4bf&rsv_t=d3927BW5KnS5Px00Dt5Yn2vQQa8JnqHp9St2b32llKUkNofet514CTDZyyI&rsv_page=1
2017-08-31 12:32:16 INFO http://www.baidu.com/s?wd=2010-01-06%20site%3Awoshipm.com%2F&pn=40&oq=2010-01-06%20site%3Awoshipm.com%2F&ie=utf-8&rsv_pq=ae75ebd90002a29a&rsv_t=c28eun0%2FeU1pOuACijTwJLLOuv9BbjXOZOUUL%2BeBVcO9LNdwxQd9%2BVseDKE&rsv_page=1
