2017-09-06 10:02:38 Crawler.py[line: 135] INFO Get http://roll.news.sina.com.cn/interface/rollnews_ch_out_interface.php?col=365&spec=&type=&date=2015-06-01&ch=05&k=&offset_page=0&offset_num=0&num=60&asc=&page=1 success.
2017-09-06 10:02:38 Crawler.py[line: 135] INFO Get http://tech.sina.com.cn/i/2015-06-01/doc-icpkqeaz6339311.shtml success.
2017-09-06 10:02:41 Crawler.py[line: 135] INFO Get http://tech.sina.com.cn/i/2015-06-01/doc-icczmvup2687611.shtml success.
2017-09-06 10:02:45 Crawler.py[line: 135] INFO Get http://tech.sina.com.cn/i/2015-06-01/doc-iawzuney6515069.shtml success.
2017-09-06 10:02:49 Crawler.py[line: 135] INFO Get http://tech.sina.com.cn/i/2015-06-01/doc-icpkqeaz6300536.shtml success.
2017-09-06 10:02:52 Crawler.py[line: 135] INFO Get http://tech.sina.com.cn/i/2015-06-01/doc-icczmvup2666501.shtml success.
2017-09-06 10:09:19 Crawler.py[line: 135] INFO Get http://roll.news.sina.com.cn/interface/rollnews_ch_out_interface.php?col=365&spec=&type=&date=2015-06-01&ch=05&k=&offset_page=0&offset_num=0&num=60&asc=&page=1 success.
2017-09-06 10:09:19 Crawler.py[line: 135] INFO Get http://tech.sina.com.cn/i/2015-06-01/doc-icpkqeaz6339311.shtml success.
2017-09-06 10:09:23 Crawler.py[line: 135] INFO Get http://tech.sina.com.cn/i/2015-06-01/doc-icczmvup2687611.shtml success.
2017-09-06 10:09:26 Crawler.py[line: 135] INFO Get http://tech.sina.com.cn/i/2015-06-01/doc-iawzuney6515069.shtml success.
2017-09-06 10:09:29 Crawler.py[line: 135] INFO Get http://tech.sina.com.cn/i/2015-06-01/doc-icpkqeaz6300536.shtml success.
2017-09-06 10:09:33 Crawler.py[line: 135] INFO Get http://tech.sina.com.cn/i/2015-06-01/doc-icczmvup2666501.shtml success.
2017-09-06 10:09:37 Crawler.py[line: 135] INFO Get http://tech.sina.com.cn/i/2015-06-01/doc-iawzuney6509799.shtml success.
2017-09-06 10:09:40 Crawler.py[line: 135] INFO Get http://tech.sina.com.cn/i/2015-06-01/doc-icpkqeaz6289447.shtml success.
2017-09-06 10:09:43 Crawler.py[line: 135] INFO Get http://tech.sina.com.cn/i/2015-06-01/doc-icpkqeaz6255967.shtml success.
2017-09-06 10:09:48 Crawler.py[line: 135] INFO Get http://tech.sina.com.cn/i/2015-06-01/doc-icczmvup2645015.shtml success.
2017-09-06 10:09:51 Crawler.py[line: 135] INFO Get http://tech.sina.com.cn/i/2015-06-01/doc-icczmvup2644968.shtml success.
2017-09-06 10:09:55 Crawler.py[line: 135] INFO Get http://tech.sina.com.cn/other/cy/2015-06-01/doc-icpkqeaz6253921.shtml success.
2017-09-06 10:09:58 Crawler.py[line: 135] INFO Get http://tech.sina.com.cn/i/2015-06-01/doc-icczmvup2641039.shtml success.
2017-09-06 10:10:02 Crawler.py[line: 135] INFO Get http://tech.sina.com.cn/other/cy/2015-06-01/doc-icpkqeaz6248498.shtml success.
2017-09-06 10:10:02 Crawler.py[line: 117] ERROR Save content file error. ErrorMsg: 'gbk' codec can't encode character '\xa0' in position 0: illegal multibyte sequence
2017-09-06 10:10:02 Crawler.py[line: 80] ERROR Process link failed. URL=http://tech.sina.com.cn/other/cy/2015-06-01/doc-icpkqeaz6248498.shtml
2017-09-06 10:32:21 Crawler.py[line: 135] INFO Get http://roll.news.sina.com.cn/interface/rollnews_ch_out_interface.php?col=365&spec=&type=&date=2015-06-01&ch=05&k=&offset_page=0&offset_num=0&num=60&asc=&page=1 success.
2017-09-06 10:32:22 Crawler.py[line: 135] INFO Get http://tech.sina.com.cn/other/cy/2015-06-01/doc-icpkqeaz6248498.shtml success.
2017-09-06 10:32:25 Crawler.py[line: 135] INFO Get http://tech.sina.com.cn/other/cy/2015-06-01/doc-icpkqeaz6247155.shtml success.
2017-09-06 10:32:29 Crawler.py[line: 135] INFO Get http://tech.sina.com.cn/i/2015-06-01/doc-iavxeafs8408924.shtml success.
2017-09-06 10:32:33 Crawler.py[line: 135] INFO Get http://roll.news.sina.com.cn/interface/rollnews_ch_out_interface.php?col=365&spec=&type=&date=2015-06-02&ch=05&k=&offset_page=0&offset_num=0&num=60&asc=&page=1 success.
2017-09-06 10:32:34 Crawler.py[line: 135] INFO Get http://tech.sina.com.cn/i/2015-06-02/doc-iawzuney6602230.shtml success.
2017-09-06 10:32:38 Crawler.py[line: 135] INFO Get http://tech.sina.com.cn/it/2015-06-02/doc-icpkqeaz6506499.shtml success.
2017-09-06 10:32:42 Crawler.py[line: 135] INFO Get http://tech.sina.com.cn/i/2015-06-02/doc-iawzuney6594911.shtml success.
2017-09-06 10:32:45 Crawler.py[line: 135] INFO Get http://tech.sina.com.cn/i/2015-06-02/doc-iavxeafs8512170.shtml success.
2017-09-06 10:32:48 Crawler.py[line: 135] INFO Get http://tech.sina.com.cn/i/2015-06-02/doc-iawzuney6594255.shtml success.
2017-09-06 10:32:51 Crawler.py[line: 135] INFO Get http://tech.sina.com.cn/it/2015-06-02/doc-icpkqeaz6491186.shtml success.
2017-09-06 10:32:55 Crawler.py[line: 135] INFO Get http://tech.sina.com.cn/i/2015-06-02/doc-icpkqeaz6469831.shtml success.
2017-09-06 10:32:58 Crawler.py[line: 135] INFO Get http://tech.sina.com.cn/i/2015-06-02/doc-icczmvup2739390.shtml success.
2017-09-06 10:33:02 Crawler.py[line: 135] INFO Get http://tech.sina.com.cn/it/2015-06-02/doc-iawzuney6581274.shtml success.
2017-09-06 10:33:06 Crawler.py[line: 135] INFO Get http://tech.sina.com.cn/it/2015-06-02/doc-iawzuney6579436.shtml success.
2017-09-06 10:33:09 Crawler.py[line: 135] INFO Get http://tech.sina.com.cn/i/2015-06-02/doc-iavxeafs8493333.shtml success.
2017-09-06 10:33:14 Crawler.py[line: 135] INFO Get http://roll.news.sina.com.cn/interface/rollnews_ch_out_interface.php?col=365&spec=&type=&date=2015-06-03&ch=05&k=&offset_page=0&offset_num=0&num=60&asc=&page=1 success.
2017-09-06 10:33:15 Crawler.py[line: 135] INFO Get http://tech.sina.com.cn/i/2015-06-03/doc-icrvvpzq1890621.shtml success.
2017-09-06 10:33:19 Crawler.py[line: 135] INFO Get http://tech.sina.com.cn/i/2015-06-03/doc-icrvvrak2633505.shtml success.
2017-09-06 10:33:22 Crawler.py[line: 135] INFO Get http://tech.sina.com.cn/i/2015-06-03/doc-icrvvpzq1882470.shtml success.
2017-09-06 10:33:26 Crawler.py[line: 135] INFO Get http://tech.sina.com.cn/i/2015-06-03/doc-icrvvpzq1879772.shtml success.
2017-09-06 10:33:30 Crawler.py[line: 135] INFO Get http://tech.sina.com.cn/it/2015-06-03/doc-icrvvqrf3962613.shtml success.
2017-09-06 10:33:33 Crawler.py[line: 135] INFO Get http://tech.sina.com.cn/i/2015-06-03/doc-icrvvqrf3961822.shtml success.
2017-09-06 10:33:37 Crawler.py[line: 135] INFO Get http://tech.sina.com.cn/i/2015-06-03/doc-icrvvpzq1878069.shtml success.
2017-09-06 10:33:40 Crawler.py[line: 135] INFO Get http://tech.sina.com.cn/i/2015-06-03/doc-icrvvqrf3947050.shtml success.
2017-09-06 10:33:44 Crawler.py[line: 135] INFO Get http://tech.sina.com.cn/i/2015-06-03/doc-icrvvpzq1870387.shtml success.
2017-09-06 10:33:47 Crawler.py[line: 135] INFO Get http://tech.sina.com.cn/i/2015-06-03/doc-icrvvpzq1869639.shtml success.
2017-09-06 10:33:50 Crawler.py[line: 135] INFO Get http://tech.sina.com.cn/i/2015-06-03/doc-icrvvpzq1867963.shtml success.
2017-09-06 10:33:54 Crawler.py[line: 135] INFO Get http://tech.sina.com.cn/i/2015-06-03/doc-icrvvpkk7844763.shtml success.
2017-09-06 10:33:57 Crawler.py[line: 135] INFO Get http://tech.sina.com.cn/i/2015-06-03/doc-icrvvqrf3935937.shtml success.
2017-09-06 10:34:01 Crawler.py[line: 135] INFO Get http://tech.sina.com.cn/i/2015-06-03/doc-icrvvpzq1865407.shtml success.
2017-09-06 10:34:04 Crawler.py[line: 135] INFO Get http://tech.sina.com.cn/i/2015-06-03/doc-icrvvpzq1865162.shtml success.
2017-09-06 10:34:07 Crawler.py[line: 135] INFO Get http://tech.sina.com.cn/i/2015-06-03/doc-icrvvrak2612040.shtml success.
2017-09-06 10:34:11 Crawler.py[line: 135] INFO Get http://tech.sina.com.cn/i/2015-06-03/doc-icrvvrak2610159.shtml success.
2017-09-06 10:34:14 Crawler.py[line: 135] INFO Get http://tech.sina.com.cn/it/2015-06-03/doc-icrvvqrf3917290.shtml success.
2017-09-06 10:34:18 Crawler.py[line: 135] INFO Get http://tech.sina.com.cn/i/2015-06-03/doc-icrvvqrf3887331.shtml success.
2017-09-06 10:34:22 Crawler.py[line: 135] INFO Get http://roll.news.sina.com.cn/interface/rollnews_ch_out_interface.php?col=365&spec=&type=&date=2015-06-04&ch=05&k=&offset_page=0&offset_num=0&num=60&asc=&page=1 success.
2017-09-06 10:34:23 Crawler.py[line: 135] INFO Get http://tech.sina.com.cn/i/2015-06-04/doc-icrvvpkk7927291.shtml success.
2017-09-06 10:34:27 Crawler.py[line: 135] INFO Get http://tech.sina.com.cn/i/2015-06-04/doc-icrvvpkk7924156.shtml success.
2017-09-06 10:34:31 Crawler.py[line: 135] INFO Get http://tech.sina.com.cn/i/2015-06-04/doc-icrvvpkk7923567.shtml success.
2017-09-06 10:34:35 Crawler.py[line: 135] INFO Get http://tech.sina.com.cn/i/2015-06-04/doc-icrvvqrf4096656.shtml success.
2017-09-06 10:34:39 Crawler.py[line: 135] INFO Get http://tech.sina.com.cn/it/2015-06-04/doc-icrvvpzq1946690.shtml success.
2017-09-06 10:34:42 Crawler.py[line: 135] INFO Get http://tech.sina.com.cn/i/2015-06-04/doc-icrvvpzq1941466.shtml success.
2017-09-06 10:34:46 Crawler.py[line: 135] INFO Get http://tech.sina.com.cn/i/2015-06-04/doc-icrvvrak2673116.shtml success.
2017-09-06 10:34:49 Crawler.py[line: 135] INFO Get http://tech.sina.com.cn/i/2015-06-04/doc-icrvvrak2672487.shtml success.
2017-09-06 10:34:53 Crawler.py[line: 135] INFO Get http://tech.sina.com.cn/i/2015-06-04/doc-icrvvpzq1919380.shtml success.
2017-09-06 10:34:56 Crawler.py[line: 135] INFO Get http://tech.sina.com.cn/i/2015-06-04/doc-icrvvpkk7895451.shtml success.
2017-09-06 10:35:00 Crawler.py[line: 135] INFO Get http://tech.sina.com.cn/i/2015-06-04/doc-icrvvrak2650731.shtml success.
2017-09-06 10:35:03 Crawler.py[line: 135] INFO Get http://tech.sina.com.cn/it/2015-06-04/doc-icrvvqrf4013802.shtml success.
2017-09-06 10:35:08 Crawler.py[line: 135] INFO Get http://roll.news.sina.com.cn/interface/rollnews_ch_out_interface.php?col=365&spec=&type=&date=2015-06-05&ch=05&k=&offset_page=0&offset_num=0&num=60&asc=&page=1 success.
2017-09-06 10:35:08 Crawler.py[line: 135] INFO Get http://tech.sina.com.cn/i/2015-06-05/doc-icrvvrak2762480.shtml success.
2017-09-06 10:35:12 Crawler.py[line: 135] INFO Get http://tech.sina.com.cn/i/2015-06-05/doc-icrvvqrf4205273.shtml success.
2017-09-06 10:35:15 Crawler.py[line: 135] INFO Get http://tech.sina.com.cn/i/2015-06-05/doc-icrvvqrf4186502.shtml success.
2017-09-06 10:35:18 Crawler.py[line: 135] INFO Get http://tech.sina.com.cn/i/2015-06-05/doc-icrvvrak2744038.shtml success.
2017-09-06 10:35:22 Crawler.py[line: 135] INFO Get http://tech.sina.com.cn/i/2015-06-05/doc-icrvvqrf4180949.shtml success.
2017-09-06 10:35:25 Crawler.py[line: 135] INFO Get http://tech.sina.com.cn/i/2015-06-05/doc-icrvvrak2740010.shtml success.
2017-09-06 10:35:29 Crawler.py[line: 135] INFO Get http://tech.sina.com.cn/i/2015-06-05/doc-icrvvrak2733650.shtml success.
2017-09-06 10:35:32 Crawler.py[line: 135] INFO Get http://tech.sina.com.cn/it/2015-06-05/doc-icrvvpkk7957436.shtml success.
2017-09-06 10:35:35 Crawler.py[line: 135] INFO Get http://tech.sina.com.cn/i/2015-06-05/doc-icrvvrak2726656.shtml success.
2017-09-06 10:35:39 Crawler.py[line: 135] INFO Get http://tech.sina.com.cn/i/2015-06-05/doc-icrvvpkk7948470.shtml success.
2017-09-06 10:35:43 Crawler.py[line: 135] INFO Get http://tech.sina.com.cn/i/2015-06-05/doc-icrvvpkk7936540.shtml success.
2017-09-06 10:35:47 Crawler.py[line: 135] INFO Get http://tech.sina.com.cn/i/2015-06-05/doc-icrvvqrf4118547.shtml success.
2017-09-06 10:35:51 Crawler.py[line: 135] INFO Get http://roll.news.sina.com.cn/interface/rollnews_ch_out_interface.php?col=365&spec=&type=&date=2015-06-06&ch=05&k=&offset_page=0&offset_num=0&num=60&asc=&page=1 success.
2017-09-06 10:35:51 Crawler.py[line: 135] INFO Get http://tech.sina.com.cn/i/2015-06-07/doc-icrvvpzq2057710.shtml success.
2017-09-06 10:35:55 Crawler.py[line: 135] INFO Get http://roll.news.sina.com.cn/interface/rollnews_ch_out_interface.php?col=365&spec=&type=&date=2015-06-07&ch=05&k=&offset_page=0&offset_num=0&num=60&asc=&page=1 success.
2017-09-06 10:35:57 Crawler.py[line: 135] INFO Get http://roll.news.sina.com.cn/interface/rollnews_ch_out_interface.php?col=365&spec=&type=&date=2015-06-08&ch=05&k=&offset_page=0&offset_num=0&num=60&asc=&page=1 success.
2017-09-06 10:36:00 Crawler.py[line: 135] INFO Get http://tech.sina.com.cn/i/2015-06-08/doc-icrvvqrf4474600.shtml success.
2017-09-06 10:36:03 Crawler.py[line: 135] INFO Get http://tech.sina.com.cn/i/2015-06-08/doc-icrvvpzq2124049.shtml success.
2017-09-06 10:36:07 Crawler.py[line: 135] INFO Get http://tech.sina.com.cn/it/2015-06-08/doc-icrvvqrf4445318.shtml success.
2017-09-06 10:36:11 Crawler.py[line: 135] INFO Get http://tech.sina.com.cn/i/2015-06-08/doc-icrvvqrf4444939.shtml success.
2017-09-06 10:36:14 Crawler.py[line: 135] INFO Get http://tech.sina.com.cn/i/2015-06-08/doc-icrvvqrf4436671.shtml success.
2017-09-06 10:36:18 Crawler.py[line: 135] INFO Get http://tech.sina.com.cn/i/2015-06-08/doc-icrvvrak2867912.shtml success.
2017-09-06 10:36:21 Crawler.py[line: 135] INFO Get http://tech.sina.com.cn/i/2015-06-08/doc-icrvvpzq2114877.shtml success.
2017-09-06 10:36:25 Crawler.py[line: 135] INFO Get http://tech.sina.com.cn/i/2015-06-08/doc-icrvvqrf4415914.shtml success.
2017-09-06 10:36:28 Crawler.py[line: 135] INFO Get http://tech.sina.com.cn/i/2015-06-08/doc-icrvvqrf4413055.shtml success.
2017-09-06 10:36:31 Crawler.py[line: 135] INFO Get http://tech.sina.com.cn/i/2015-06-08/doc-icrvvpzq2110423.shtml success.
2017-09-06 10:36:34 Crawler.py[line: 135] INFO Get http://tech.sina.com.cn/i/2015-06-08/doc-icrvvrak2856519.shtml success.
2017-09-06 10:36:38 Crawler.py[line: 135] INFO Get http://tech.sina.com.cn/i/2015-06-08/doc-icrvvsuv8519637.shtml success.
2017-09-06 10:36:41 Crawler.py[line: 135] INFO Get http://tech.sina.com.cn/i/2015-06-08/doc-icrvvsuv8518708.shtml success.
2017-09-06 10:36:45 Crawler.py[line: 135] INFO Get http://tech.sina.com.cn/i/2015-06-08/doc-icrvvsuv8518626.shtml success.
2017-09-06 10:36:48 Crawler.py[line: 135] INFO Get http://tech.sina.com.cn/i/2015-06-08/doc-icrvvsuv8518491.shtml success.
2017-09-06 10:36:52 Crawler.py[line: 135] INFO Get http://roll.news.sina.com.cn/interface/rollnews_ch_out_interface.php?col=365&spec=&type=&date=2015-06-09&ch=05&k=&offset_page=0&offset_num=0&num=60&asc=&page=1 success.
2017-09-06 10:36:53 Crawler.py[line: 135] INFO Get http://tech.sina.com.cn/it/2015-06-09/doc-icrvvrak2977747.shtml success.
2017-09-06 10:36:58 Crawler.py[line: 135] INFO Get http://tech.sina.com.cn/it/2015-06-09/doc-icrvvqrf4594095.shtml success.
2017-09-06 10:37:01 Crawler.py[line: 135] INFO Get http://tech.sina.com.cn/i/2015-06-09/doc-icrvvpzq2144752.shtml success.
2017-09-06 10:37:05 Crawler.py[line: 135] INFO Get http://tech.sina.com.cn/i/2015-06-09/doc-icrvvpzq2144418.shtml success.
2017-09-06 10:37:10 Crawler.py[line: 135] INFO Get http://roll.news.sina.com.cn/interface/rollnews_ch_out_interface.php?col=365&spec=&type=&date=2015-06-10&ch=05&k=&offset_page=0&offset_num=0&num=60&asc=&page=1 success.
2017-09-06 10:37:10 Crawler.py[line: 135] INFO Get http://tech.sina.com.cn/other/cy/2015-06-10/doc-ifvmvrch0625061.shtml success.
2017-09-06 10:37:13 Crawler.py[line: 135] INFO Get http://tech.sina.com.cn/other/cy/2015-06-10/doc-ifvmvrch0622769.shtml success.
2017-09-06 10:37:17 Crawler.py[line: 135] INFO Get http://tech.sina.com.cn/i/2015-06-10/doc-ifvmvrch0620789.shtml success.
2017-09-06 10:37:20 Crawler.py[line: 135] INFO Get http://tech.sina.com.cn/i/2015-06-10/doc-ifvmrhiq3217702.shtml success.
2017-09-06 10:37:24 Crawler.py[line: 135] INFO Get http://tech.sina.com.cn/i/2015-06-10/doc-ifvmkrpv7645154.shtml success.
2017-09-06 10:37:27 Crawler.py[line: 135] INFO Get http://tech.sina.com.cn/it/2015-06-10/doc-ifvmrhiq3217061.shtml success.
2017-09-06 10:37:31 Crawler.py[line: 135] INFO Get http://tech.sina.com.cn/it/2015-06-10/doc-ifvmvrch0607606.shtml success.
2017-09-06 10:37:35 Crawler.py[line: 135] INFO Get http://tech.sina.com.cn/i/2015-06-10/doc-ifvmzcve0563620.shtml success.
2017-09-06 10:37:38 Crawler.py[line: 135] INFO Get http://tech.sina.com.cn/it/2015-06-10/doc-ifvmzcve0555871.shtml success.
2017-09-06 10:37:41 Crawler.py[line: 135] INFO Get http://tech.sina.com.cn/i/2015-06-10/doc-icrvvrak2992868.shtml success.
2017-09-06 10:37:45 Crawler.py[line: 135] INFO Get http://tech.sina.com.cn/i/2015-06-10/doc-icrvvpzq2203571.shtml success.
2017-09-06 10:37:48 Crawler.py[line: 135] INFO Get http://tech.sina.com.cn/i/2015-06-10/doc-icrvvqrf4638010.shtml success.
2017-09-06 10:37:52 Crawler.py[line: 135] INFO Get http://tech.sina.com.cn/i/2015-06-10/doc-icrvvqrf4632652.shtml success.
2017-09-06 10:37:56 Crawler.py[line: 135] INFO Get http://roll.news.sina.com.cn/interface/rollnews_ch_out_interface.php?col=365&spec=&type=&date=2015-06-11&ch=05&k=&offset_page=0&offset_num=0&num=60&asc=&page=1 success.
2017-09-06 10:37:58 Crawler.py[line: 135] INFO Get http://tech.sina.com.cn/other/cy/2015-06-11/doc-ifxczqam7208026.shtml success.
2017-09-06 10:38:01 Crawler.py[line: 135] INFO Get http://tech.sina.com.cn/i/2015-06-11/doc-ifxczqam7207237.shtml success.
2017-09-06 10:38:05 Crawler.py[line: 135] INFO Get http://tech.sina.com.cn/other/cy/2015-06-11/doc-ifxczqap3916517.shtml success.
2017-09-06 10:38:09 Crawler.py[line: 135] INFO Get http://tech.sina.com.cn/i/2015-06-11/doc-ifxczqap3906810.shtml success.
2017-09-06 10:38:12 Crawler.py[line: 135] INFO Get http://tech.sina.com.cn/i/2015-06-11/doc-ifxczqap3900014.shtml success.
2017-09-06 10:38:16 Crawler.py[line: 135] INFO Get http://tech.sina.com.cn/i/2015-06-11/doc-ifxczyze9364485.shtml success.
2017-09-06 10:38:20 Crawler.py[line: 135] INFO Get http://tech.sina.com.cn/i/2015-06-11/doc-ifvmvrch0683388.shtml success.
2017-09-06 10:38:25 Crawler.py[line: 135] INFO Get http://tech.sina.com.cn/i/2015-06-11/doc-ifvmkrpv7676721.shtml success.
2017-09-06 10:38:28 Crawler.py[line: 135] INFO Get http://tech.sina.com.cn/i/2015-06-11/doc-ifvmkrpv7674261.shtml success.
2017-09-06 10:38:32 Crawler.py[line: 135] INFO Get http://tech.sina.com.cn/i/2015-06-11/doc-ifvmzcve0596532.shtml success.
2017-09-06 10:38:37 Crawler.py[line: 135] INFO Get http://roll.news.sina.com.cn/interface/rollnews_ch_out_interface.php?col=365&spec=&type=&date=2015-06-12&ch=05&k=&offset_page=0&offset_num=0&num=60&asc=&page=1 success.
2017-09-06 10:38:37 Crawler.py[line: 135] INFO Get http://tech.sina.com.cn/i/2015-06-12/doc-ifxczqap4006887.shtml success.
2017-09-06 10:38:40 Crawler.py[line: 135] INFO Get http://tech.sina.com.cn/t/2015-06-12/doc-ifxczqar0782671.shtml success.
2017-09-06 10:38:44 Crawler.py[line: 135] INFO Get http://tech.sina.com.cn/it/2015-06-12/doc-ifxczyze9468248.shtml success.
2017-09-06 10:38:47 Crawler.py[line: 135] INFO Get http://tech.sina.com.cn/i/2015-06-12/doc-ifxczqar0778734.shtml success.
2017-09-06 10:38:51 Crawler.py[line: 135] INFO Get http://tech.sina.com.cn/i/2015-06-12/doc-ifxczqam7362860.shtml success.
2017-09-06 10:38:55 Crawler.py[line: 135] INFO Get http://tech.sina.com.cn/i/2015-06-12/doc-ifxczqam7357912.shtml success.
2017-09-06 10:38:58 Crawler.py[line: 135] INFO Get http://tech.sina.com.cn/i/2015-06-12/doc-ifxczyze9455832.shtml success.
2017-09-06 10:39:01 Crawler.py[line: 135] INFO Get http://tech.sina.com.cn/i/2015-06-12/doc-ifxczqar0752729.shtml success.
2017-09-06 10:39:06 Crawler.py[line: 135] INFO Get http://tech.sina.com.cn/i/2015-06-12/doc-ifxczyze9436589.shtml success.
2017-09-06 10:39:09 Crawler.py[line: 135] INFO Get http://tech.sina.com.cn/i/2015-06-12/doc-ifxczqap3969488.shtml success.
2017-09-06 10:39:13 Crawler.py[line: 135] INFO Get http://tech.sina.com.cn/i/2015-06-12/doc-ifxczqar0742293.shtml success.
2017-09-06 10:39:17 Crawler.py[line: 135] INFO Get http://tech.sina.com.cn/i/2015-06-12/doc-ifxczqam7270447.shtml success.
2017-09-06 10:39:20 Crawler.py[line: 135] INFO Get http://tech.sina.com.cn/i/2015-06-12/doc-ifxczqar0729086.shtml success.
2017-09-06 10:39:23 Crawler.py[line: 135] INFO Get http://roll.news.sina.com.cn/interface/rollnews_ch_out_interface.php?col=365&spec=&type=&date=2015-06-13&ch=05&k=&offset_page=0&offset_num=0&num=60&asc=&page=1 success.
2017-09-06 10:39:24 Crawler.py[line: 135] INFO Get http://tech.sina.com.cn/i/2015-06-13/doc-ifxczqap4064658.shtml success.
2017-09-06 10:39:27 Crawler.py[line: 135] INFO Get http://tech.sina.com.cn/it/2015-06-13/doc-ifxczqam8673624.shtml success.
2017-09-06 10:39:31 Crawler.py[line: 135] INFO Get http://roll.news.sina.com.cn/interface/rollnews_ch_out_interface.php?col=365&spec=&type=&date=2015-06-14&ch=05&k=&offset_page=0&offset_num=0&num=60&asc=&page=1 success.
2017-09-06 10:39:33 Crawler.py[line: 135] INFO Get http://roll.news.sina.com.cn/interface/rollnews_ch_out_interface.php?col=365&spec=&type=&date=2015-06-15&ch=05&k=&offset_page=0&offset_num=0&num=60&asc=&page=1 success.
2017-09-06 10:39:33 Crawler.py[line: 135] INFO Get http://tech.sina.com.cn/i/2015-06-15/doc-ifxczqar0924029.shtml success.
2017-09-06 10:39:37 Crawler.py[line: 135] INFO Get http://tech.sina.com.cn/i/2015-06-15/doc-ifxczyze9599281.shtml success.
2017-09-06 10:39:40 Crawler.py[line: 135] INFO Get http://tech.sina.com.cn/i/2015-06-15/doc-ifxczqan0052349.shtml success.
2017-09-06 10:39:44 Crawler.py[line: 135] INFO Get http://tech.sina.com.cn/it/2015-06-15/doc-ifxczqan0042912.shtml success.
2017-09-06 10:39:48 Crawler.py[line: 135] INFO Get http://tech.sina.com.cn/i/2015-06-15/doc-ifxczqap4124505.shtml success.
2017-09-06 10:39:52 Crawler.py[line: 135] INFO Get http://tech.sina.com.cn/i/2015-06-15/doc-ifxczqap4123288.shtml success.
2017-09-06 10:39:55 Crawler.py[line: 135] INFO Get http://tech.sina.com.cn/it/2015-06-15/doc-ifxczqap4119645.shtml success.
2017-09-06 10:39:59 Crawler.py[line: 135] INFO Get http://tech.sina.com.cn/i/2015-06-15/doc-ifxczqam9991149.shtml success.
2017-09-06 10:40:02 Crawler.py[line: 135] INFO Get http://tech.sina.com.cn/i/2015-06-15/doc-ifxczqam9990717.shtml success.
2017-09-06 10:40:06 Crawler.py[line: 135] INFO Get http://tech.sina.com.cn/i/2015-06-15/doc-ifxczqap4115438.shtml success.
2017-09-06 10:40:10 Crawler.py[line: 135] INFO Get http://roll.news.sina.com.cn/interface/rollnews_ch_out_interface.php?col=365&spec=&type=&date=2015-06-16&ch=05&k=&offset_page=0&offset_num=0&num=60&asc=&page=1 success.
2017-09-06 10:40:11 Crawler.py[line: 135] INFO Get http://tech.sina.com.cn/i/2015-06-16/doc-ifxczqap4183327.shtml success.
2017-09-06 10:40:14 Crawler.py[line: 135] INFO Get http://tech.sina.com.cn/i/2015-06-16/doc-ifxczqan1072854.shtml success.
2017-09-06 10:40:17 Crawler.py[line: 135] INFO Get http://tech.sina.com.cn/i/2015-06-16/doc-ifxczqan0929966.shtml success.
2017-09-06 10:40:20 Crawler.py[line: 135] INFO Get http://tech.sina.com.cn/i/2015-06-16/doc-ifxczyze9638950.shtml success.
2017-09-06 10:40:24 Crawler.py[line: 135] INFO Get http://tech.sina.com.cn/i/2015-06-16/doc-ifxczqar0959352.shtml success.
2017-09-06 10:40:27 Crawler.py[line: 135] INFO Get http://tech.sina.com.cn/i/2015-06-16/doc-ifxczqar0954585.shtml success.
2017-09-06 10:40:30 Crawler.py[line: 135] INFO Get http://tech.sina.com.cn/i/2015-06-16/doc-ifxczqap4159099.shtml success.
2017-09-06 10:40:34 Crawler.py[line: 135] INFO Get http://tech.sina.com.cn/i/2015-06-16/doc-ifxczqar0942529.shtml success.
2017-09-06 10:40:37 Crawler.py[line: 135] INFO Get http://tech.sina.com.cn/it/2015-06-16/doc-ifxczqar0936188.shtml success.
2017-09-06 10:40:41 Crawler.py[line: 135] INFO Get http://tech.sina.com.cn/it/2015-06-16/doc-ifxczqan0292173.shtml success.
2017-09-06 10:40:45 Crawler.py[line: 135] INFO Get http://roll.news.sina.com.cn/interface/rollnews_ch_out_interface.php?col=365&spec=&type=&date=2015-06-17&ch=05&k=&offset_page=0&offset_num=0&num=60&asc=&page=1 success.
2017-09-06 10:40:46 Crawler.py[line: 135] INFO Get http://tech.sina.com.cn/i/2015-06-17/doc-ifxczqar0999928.shtml success.
2017-09-06 10:40:50 Crawler.py[line: 135] INFO Get http://tech.sina.com.cn/it/2015-06-17/doc-ifxczyze9675638.shtml success.
2017-09-06 10:40:54 Crawler.py[line: 135] INFO Get http://tech.sina.com.cn/i/2015-06-17/doc-ifxczqar0990911.shtml success.
2017-09-06 10:40:58 Crawler.py[line: 135] INFO Get http://tech.sina.com.cn/i/2015-06-17/doc-ifxczyze9665145.shtml success.
2017-09-06 10:41:02 Crawler.py[line: 135] INFO Get http://tech.sina.com.cn/i/2015-06-17/doc-ifxczyze9665068.shtml success.
2017-09-06 10:41:06 Crawler.py[line: 135] INFO Get http://tech.sina.com.cn/i/2015-06-17/doc-ifxczqap4193793.shtml success.
2017-09-06 10:41:10 Crawler.py[line: 135] INFO Get http://tech.sina.com.cn/i/2015-06-17/doc-ifxczqar0978512.shtml success.
2017-09-06 10:41:15 Crawler.py[line: 135] INFO Get http://roll.news.sina.com.cn/interface/rollnews_ch_out_interface.php?col=365&spec=&type=&date=2015-06-18&ch=05&k=&offset_page=0&offset_num=0&num=60&asc=&page=1 success.
2017-09-06 10:41:16 Crawler.py[line: 135] INFO Get http://tech.sina.com.cn/i/2015-06-18/doc-ifxefurt9373234.shtml success.
2017-09-06 10:41:19 Crawler.py[line: 135] INFO Get http://tech.sina.com.cn/i/2015-06-18/doc-ifxefurq6683478.shtml success.
2017-09-06 10:41:23 Crawler.py[line: 135] INFO Get http://tech.sina.com.cn/2015-06-18/doc-ifxefurs2585479.shtml success.
2017-09-06 10:41:26 Crawler.py[line: 135] INFO Get http://tech.sina.com.cn/it/2015-06-18/doc-ifxefurt9362866.shtml success.
2017-09-06 10:41:29 Crawler.py[line: 135] INFO Get http://tech.sina.com.cn/i/2015-06-18/doc-ifxefurs2583504.shtml success.
2017-09-06 10:41:33 Crawler.py[line: 135] INFO Get http://tech.sina.com.cn/i/2015-06-18/doc-ifxefurt9360572.shtml success.
2017-09-06 10:41:36 Crawler.py[line: 135] INFO Get http://tech.sina.com.cn/i/2015-06-18/doc-ifxefurs2581562.shtml success.
2017-09-06 10:41:39 Crawler.py[line: 135] INFO Get http://tech.sina.com.cn/i/2015-06-18/doc-ifxefurq6578988.shtml success.
2017-09-06 10:41:47 Crawler.py[line: 135] INFO Get http://roll.news.sina.com.cn/interface/rollnews_ch_out_interface.php?col=365&spec=&type=&date=2015-06-19&ch=05&k=&offset_page=0&offset_num=0&num=60&asc=&page=1 success.
2017-09-06 10:42:07 Crawler.py[line: 80] ERROR Process link failed. URL=http://www.w3.org/TR/xhtml1/DTD/xhtml1-transitional.dtd
2017-09-06 10:49:14 Crawler.py[line: 135] INFO Get http://roll.news.sina.com.cn/interface/rollnews_ch_out_interface.php?col=365&spec=&type=&date=2015-06-19&ch=05&k=&offset_page=0&offset_num=0&num=60&asc=&page=1 success.
2017-09-06 10:49:15 Crawler.py[line: 135] INFO Get http://tech.sina.com.cn/i/2015-06-19/doc-ifxefurt9462317.shtml success.
2017-09-06 10:49:18 Crawler.py[line: 135] INFO Get http://tech.sina.com.cn/i/2015-06-19/doc-ifxefurs2647371.shtml success.
2017-09-06 10:49:22 Crawler.py[line: 135] INFO Get http://tech.sina.com.cn/i/2015-06-19/doc-ifxefurs2641135.shtml success.
2017-09-06 10:49:25 Crawler.py[line: 135] INFO Get http://tech.sina.com.cn/i/2015-06-19/doc-ifxehfqi8064514.shtml success.
2017-09-06 10:49:29 Crawler.py[line: 135] INFO Get http://tech.sina.com.cn/it/2015-06-19/doc-ifxefurq7674757.shtml success.
2017-09-06 10:49:32 Crawler.py[line: 135] INFO Get http://tech.sina.com.cn/it/2015-06-19/doc-ifxefurt9406581.shtml success.
2017-09-06 10:49:36 Crawler.py[line: 135] INFO Get http://tech.sina.com.cn/it/2015-06-19/doc-ifxehfqi8046833.shtml success.
2017-09-06 10:49:39 Crawler.py[line: 135] INFO Get http://roll.news.sina.com.cn/interface/rollnews_ch_out_interface.php?col=365&spec=&type=&date=2015-06-20&ch=05&k=&offset_page=0&offset_num=0&num=60&asc=&page=1 success.
2017-09-06 10:49:40 Crawler.py[line: 135] INFO Get http://roll.news.sina.com.cn/interface/rollnews_ch_out_interface.php?col=365&spec=&type=&date=2015-06-21&ch=05&k=&offset_page=0&offset_num=0&num=60&asc=&page=1 success.
2017-09-06 10:49:40 Crawler.py[line: 135] INFO Get http://tech.sina.com.cn/i/2015-06-21/doc-ifxehfqi8177065.shtml success.
2017-09-06 10:49:44 Crawler.py[line: 135] INFO Get http://tech.sina.com.cn/i/2015-06-21/doc-ifxefurs2743878.shtml success.
2017-09-06 10:49:47 Crawler.py[line: 135] INFO Get http://tech.sina.com.cn/i/2015-06-21/doc-ifxefurt9526206.shtml success.
2017-09-06 10:49:50 Crawler.py[line: 135] INFO Get http://tech.sina.com.cn/i/2015-06-21/doc-ifxefurs2738021.shtml success.
2017-09-06 10:49:54 Crawler.py[line: 135] INFO Get http://tech.sina.com.cn/i/2015-06-21/doc-ifxefurs2737874.shtml success.
2017-09-06 10:49:58 Crawler.py[line: 135] INFO Get http://roll.news.sina.com.cn/interface/rollnews_ch_out_interface.php?col=365&spec=&type=&date=2015-06-22&ch=05&k=&offset_page=0&offset_num=0&num=60&asc=&page=1 success.
2017-09-06 10:49:58 Crawler.py[line: 135] INFO Get http://tech.sina.com.cn/it/2015-06-22/doc-ifxehfqi8194266.shtml success.
2017-09-06 10:50:02 Crawler.py[line: 135] INFO Get http://tech.sina.com.cn/it/2015-06-22/doc-ifxehfqi8193374.shtml success.
2017-09-06 10:50:05 Crawler.py[line: 135] INFO Get http://tech.sina.com.cn/i/2015-06-22/doc-ifxefuqz2760213.shtml success.
2017-09-06 10:50:10 Crawler.py[line: 135] INFO Get http://roll.news.sina.com.cn/interface/rollnews_ch_out_interface.php?col=365&spec=&type=&date=2015-06-23&ch=05&k=&offset_page=0&offset_num=0&num=60&asc=&page=1 success.
2017-09-06 10:50:11 Crawler.py[line: 135] INFO Get http://tech.sina.com.cn/i/2015-06-23/doc-ifxefurr1391416.shtml success.
2017-09-06 10:50:14 Crawler.py[line: 135] INFO Get http://tech.sina.com.cn/i/2015-06-23/doc-ifxefurr1285617.shtml success.
2017-09-06 10:50:18 Crawler.py[line: 135] INFO Get http://tech.sina.com.cn/it/2015-06-23/doc-ifxehfqi8223680.shtml success.
2017-09-06 10:50:21 Crawler.py[line: 135] INFO Get http://tech.sina.com.cn/it/2015-06-23/doc-ifxefurs2789761.shtml success.
2017-09-06 10:50:25 Crawler.py[line: 135] INFO Get http://tech.sina.com.cn/i/2015-06-23/doc-ifxehfqi8215304.shtml success.
2017-09-06 10:50:28 Crawler.py[line: 135] INFO Get http://tech.sina.com.cn/i/2015-06-23/doc-ifxefurr1053802.shtml success.
2017-09-06 10:50:32 Crawler.py[line: 135] INFO Get http://tech.sina.com.cn/i/2015-06-23/doc-ifxefuqz4257736.shtml success.
2017-09-06 10:50:35 Crawler.py[line: 135] INFO Get http://tech.sina.com.cn/i/2015-06-23/doc-ifxehfqi8203180.shtml success.
2017-09-06 10:50:39 Crawler.py[line: 135] INFO Get http://tech.sina.com.cn/i/2015-06-23/doc-ifxehfqi8203134.shtml success.
2017-09-06 10:50:44 Crawler.py[line: 135] INFO Get http://roll.news.sina.com.cn/interface/rollnews_ch_out_interface.php?col=365&spec=&type=&date=2015-06-24&ch=05&k=&offset_page=0&offset_num=0&num=60&asc=&page=1 success.
2017-09-06 10:50:44 Crawler.py[line: 135] INFO Get http://tech.sina.com.cn/i/2015-06-24/doc-ifxemzev1420167.shtml success.
2017-09-06 10:50:48 Crawler.py[line: 135] INFO Get http://tech.sina.com.cn/i/2015-06-24/doc-ifxemzev1267165.shtml success.
2017-09-06 10:50:51 Crawler.py[line: 135] INFO Get http://tech.sina.com.cn/i/2015-06-24/doc-ifxehfqi8268481.shtml success.
2017-09-06 10:50:55 Crawler.py[line: 135] INFO Get http://tech.sina.com.cn/it/2015-06-24/doc-ifxefurt9731253.shtml success.
2017-09-06 10:50:58 Crawler.py[line: 135] INFO Get http://tech.sina.com.cn/i/2015-06-24/doc-ifxefurt9730497.shtml success.
2017-09-06 10:51:02 Crawler.py[line: 135] INFO Get http://tech.sina.com.cn/i/2015-06-24/doc-ifxefurr1887305.shtml success.
2017-09-06 10:51:05 Crawler.py[line: 135] INFO Get http://tech.sina.com.cn/i/2015-06-24/doc-ifxefurs2831672.shtml success.
2017-09-06 10:51:09 Crawler.py[line: 135] INFO Get http://tech.sina.com.cn/i/2015-06-24/doc-ifxehfqi8262783.shtml success.
2017-09-06 10:51:12 Crawler.py[line: 135] INFO Get http://tech.sina.com.cn/i/2015-06-24/doc-ifxefurs2827943.shtml success.
2017-09-06 10:51:16 Crawler.py[line: 135] INFO Get http://tech.sina.com.cn/i/2015-06-24/doc-ifxehfqi8258772.shtml success.
2017-09-06 10:51:19 Crawler.py[line: 135] INFO Get http://tech.sina.com.cn/i/2015-06-24/doc-ifxehfqi8258198.shtml success.
2017-09-06 10:51:22 Crawler.py[line: 135] INFO Get http://tech.sina.com.cn/i/2015-06-24/doc-ifxefurr1842412.shtml success.
2017-09-06 10:51:26 Crawler.py[line: 135] INFO Get http://tech.sina.com.cn/2015-06-24/doc-ifxefurs2821113.shtml success.
2017-09-06 10:51:29 Crawler.py[line: 135] INFO Get http://tech.sina.com.cn/it/2015-06-24/doc-ifxefurs2820674.shtml success.
2017-09-06 10:51:33 Crawler.py[line: 135] INFO Get http://tech.sina.com.cn/i/2015-06-24/doc-ifxefurr1832768.shtml success.
2017-09-06 10:51:36 Crawler.py[line: 135] INFO Get http://tech.sina.com.cn/2015-06-24/doc-ifxefurs2819552.shtml success.
2017-09-06 10:51:39 Crawler.py[line: 135] INFO Get http://tech.sina.com.cn/i/2015-06-24/doc-ifxehfqi8249403.shtml success.
2017-09-06 10:51:44 Crawler.py[line: 135] INFO Get http://roll.news.sina.com.cn/interface/rollnews_ch_out_interface.php?col=365&spec=&type=&date=2015-06-25&ch=05&k=&offset_page=0&offset_num=0&num=60&asc=&page=1 success.
2017-09-06 10:51:44 Crawler.py[line: 135] INFO Get http://tech.sina.com.cn/i/2015-06-25/doc-ifxemzey4850096.shtml success.
2017-09-06 10:51:48 Crawler.py[line: 135] INFO Get http://tech.sina.com.cn/i/2015-06-25/doc-ifxemzev1587486.shtml success.
2017-09-06 10:51:51 Crawler.py[line: 135] INFO Get http://tech.sina.com.cn/i/2015-06-25/doc-ifxemzey4847958.shtml success.
2017-09-06 10:51:55 Crawler.py[line: 135] INFO Get http://tech.sina.com.cn/i/2015-06-25/doc-ifxemzew8039236.shtml success.
2017-09-06 10:51:59 Crawler.py[line: 135] INFO Get http://tech.sina.com.cn/i/2015-06-25/doc-ifxenncn6708668.shtml success.
2017-09-06 10:52:02 Crawler.py[line: 135] INFO Get http://tech.sina.com.cn/it/2015-06-25/doc-ifxemzev1562041.shtml success.
2017-09-06 10:52:06 Crawler.py[line: 135] INFO Get http://tech.sina.com.cn/i/2015-06-25/doc-ifxemzey4840643.shtml success.
2017-09-06 10:52:09 Crawler.py[line: 135] INFO Get http://tech.sina.com.cn/it/2015-06-25/doc-ifxemzew8035542.shtml success.
2017-09-06 10:52:13 Crawler.py[line: 135] INFO Get http://tech.sina.com.cn/it/2015-06-25/doc-ifxemzew8035143.shtml success.
2017-09-06 10:52:16 Crawler.py[line: 135] INFO Get http://tech.sina.com.cn/it/2015-06-25/doc-ifxemzew8034823.shtml success.
2017-09-06 10:52:20 Crawler.py[line: 135] INFO Get http://tech.sina.com.cn/2015-06-25/doc-ifxemzev1529520.shtml success.
2017-09-06 10:52:24 Crawler.py[line: 135] INFO Get http://tech.sina.com.cn/i/2015-06-25/doc-ifxemzey4821539.shtml success.
2017-09-06 10:52:29 Crawler.py[line: 135] INFO Get http://roll.news.sina.com.cn/interface/rollnews_ch_out_interface.php?col=365&spec=&type=&date=2015-06-26&ch=05&k=&offset_page=0&offset_num=0&num=60&asc=&page=1 success.
2017-09-06 10:52:30 Crawler.py[line: 135] INFO Get http://tech.sina.com.cn/i/2015-06-26/doc-ifxemzew8070751.shtml success.
2017-09-06 10:52:34 Crawler.py[line: 135] INFO Get http://tech.sina.com.cn/i/2015-06-26/doc-ifxemzev1721505.shtml success.
2017-09-06 10:52:37 Crawler.py[line: 135] INFO Get http://tech.sina.com.cn/i/2015-06-26/doc-ifxemzey4873165.shtml success.
2017-09-06 10:52:41 Crawler.py[line: 135] INFO Get http://tech.sina.com.cn/i/2015-06-26/doc-ifxemzey4871055.shtml success.
2017-09-06 10:52:44 Crawler.py[line: 135] INFO Get http://tech.sina.com.cn/i/2015-06-26/doc-ifxemzew8063425.shtml success.
2017-09-06 10:52:47 Crawler.py[line: 135] INFO Get http://tech.sina.com.cn/i/2015-06-26/doc-ifxemzew8062643.shtml success.
2017-09-06 10:52:51 Crawler.py[line: 135] INFO Get http://tech.sina.com.cn/i/2015-06-26/doc-ifxemzey4866417.shtml success.
2017-09-06 10:52:55 Crawler.py[line: 135] INFO Get http://tech.sina.com.cn/it/2015-06-26/doc-ifxemzey4863591.shtml success.
2017-09-06 10:52:58 Crawler.py[line: 135] INFO Get http://tech.sina.com.cn/i/2015-06-26/doc-ifxemzey4857741.shtml success.
2017-09-06 10:53:01 Crawler.py[line: 135] INFO Get http://tech.sina.com.cn/i/2015-06-26/doc-ifxemzev1649791.shtml success.
2017-09-06 10:53:06 Crawler.py[line: 135] INFO Get http://roll.news.sina.com.cn/interface/rollnews_ch_out_interface.php?col=365&spec=&type=&date=2015-06-27&ch=05&k=&offset_page=0&offset_num=0&num=60&asc=&page=1 success.
2017-09-06 10:53:07 Crawler.py[line: 135] INFO Get http://roll.news.sina.com.cn/interface/rollnews_ch_out_interface.php?col=365&spec=&type=&date=2015-06-28&ch=05&k=&offset_page=0&offset_num=0&num=60&asc=&page=1 success.
2017-09-06 10:53:08 Crawler.py[line: 135] INFO Get http://roll.news.sina.com.cn/interface/rollnews_ch_out_interface.php?col=365&spec=&type=&date=2015-06-29&ch=05&k=&offset_page=0&offset_num=0&num=60&asc=&page=1 success.
2017-09-06 10:53:09 Crawler.py[line: 135] INFO Get http://tech.sina.com.cn/i/2015-06-29/doc-ifxemzev2050551.shtml success.
2017-09-06 10:53:12 Crawler.py[line: 135] INFO Get http://tech.sina.com.cn/i/2015-06-29/doc-ifxemzew8119398.shtml success.
2017-09-06 10:53:15 Crawler.py[line: 135] INFO Get http://tech.sina.com.cn/it/2015-06-29/doc-ifxemzew8114013.shtml success.
2017-09-06 10:53:18 Crawler.py[line: 135] INFO Get http://tech.sina.com.cn/i/2015-06-29/doc-ifxemzew8112474.shtml success.
2017-09-06 10:53:22 Crawler.py[line: 135] INFO Get http://tech.sina.com.cn/i/2015-06-29/doc-ifxenncn6778865.shtml success.
2017-09-06 10:53:26 Crawler.py[line: 135] INFO Get http://tech.sina.com.cn/it/2015-06-29/doc-ifxemzev1995332.shtml success.
2017-09-06 10:53:29 Crawler.py[line: 135] INFO Get http://tech.sina.com.cn/other/cy/2015-06-29/doc-ifxemzau8812927.shtml success.
2017-09-06 10:53:32 Crawler.py[line: 135] INFO Get http://tech.sina.com.cn/i/2015-06-29/doc-ifxemzau8812916.shtml success.
2017-09-06 10:53:37 Crawler.py[line: 135] INFO Get http://tech.sina.com.cn/it/2015-06-29/doc-ifxemzau8812837.shtml success.
2017-09-06 10:53:40 Crawler.py[line: 135] INFO Get http://tech.sina.com.cn/other/cy/2015-06-29/doc-ifxemzau8812797.shtml success.
2017-09-06 10:53:51 Crawler.py[line: 135] INFO Get http://roll.news.sina.com.cn/interface/rollnews_ch_out_interface.php?col=365&spec=&type=&date=2015-06-30&ch=05&k=&offset_page=0&offset_num=0&num=60&asc=&page=1 success.
2017-09-06 10:54:11 Crawler.py[line: 80] ERROR Process link failed. URL=http://www.w3.org/TR/xhtml1/DTD/xhtml1-transitional.dtd
2017-09-06 11:17:27 Crawler.py[line: 141] INFO Get http://roll.news.sina.com.cn/interface/rollnews_ch_out_interface.php?col=365&spec=&type=&date=2015-06-30&ch=05&k=&offset_page=0&offset_num=0&num=60&asc=&page=1 success.
2017-09-06 11:17:28 Crawler.py[line: 141] INFO Get http://tech.sina.com.cn/i/2015-06-30/doc-ifxenncn6816882.shtml success.
2017-09-06 11:17:32 Crawler.py[line: 141] INFO Get http://tech.sina.com.cn/i/2015-06-30/doc-ifxemzew8147205.shtml success.
2017-09-06 11:17:36 Crawler.py[line: 141] INFO Get http://tech.sina.com.cn/it/2015-06-30/doc-ifxemzew8143343.shtml success.
2017-09-06 11:17:39 Crawler.py[line: 141] INFO Get http://tech.sina.com.cn/it/2015-06-30/doc-ifxenncn6805434.shtml success.
2017-09-06 11:17:43 Crawler.py[line: 141] INFO Get http://tech.sina.com.cn/i/2015-06-30/doc-ifxemzey4935359.shtml success.
2017-09-06 11:17:47 Crawler.py[line: 141] INFO Get http://tech.sina.com.cn/i/2015-06-30/doc-ifxemzey4935029.shtml success.
2017-09-06 11:17:50 Crawler.py[line: 141] INFO Get http://tech.sina.com.cn/i/2015-06-30/doc-ifxemzey4934458.shtml success.
2017-09-06 11:17:54 Crawler.py[line: 141] INFO Get http://tech.sina.com.cn/it/2015-06-30/doc-ifxemzev2163179.shtml success.
2017-09-06 11:17:57 Crawler.py[line: 141] INFO Get http://tech.sina.com.cn/i/2015-06-30/doc-ifxemzey4932892.shtml success.
2017-09-06 11:18:00 Crawler.py[line: 141] INFO Get http://tech.sina.com.cn/i/2015-06-30/doc-ifxemzey4932192.shtml success.
2017-09-06 11:18:04 Crawler.py[line: 141] INFO Get http://tech.sina.com.cn/i/2015-06-30/doc-ifxemzev2153546.shtml success.
2017-09-06 11:18:07 Crawler.py[line: 141] INFO Get http://tech.sina.com.cn/i/2015-06-30/doc-ifxenncn6793916.shtml success.
2017-09-06 11:18:12 Crawler.py[line: 141] INFO Get http://roll.news.sina.com.cn/interface/rollnews_ch_out_interface.php?col=365&spec=&type=&date=2015-07-01&ch=05&k=&offset_page=0&offset_num=0&num=60&asc=&page=1 success.
2017-09-06 11:18:12 Crawler.py[line: 141] INFO Get http://tech.sina.com.cn/i/2015-07-01/doc-ifxesftz6686587.shtml success.
2017-09-06 11:18:16 Crawler.py[line: 141] INFO Get http://tech.sina.com.cn/it/2015-07-01/doc-ifxenncn6842204.shtml success.
2017-09-06 11:18:19 Crawler.py[line: 141] INFO Get http://tech.sina.com.cn/i/2015-07-01/doc-ifxemzev2398425.shtml success.
2017-09-06 11:18:23 Crawler.py[line: 141] INFO Get http://tech.sina.com.cn/i/2015-07-01/doc-ifxemzev2377379.shtml success.
2017-09-06 11:18:26 Crawler.py[line: 141] INFO Get http://tech.sina.com.cn/i/2015-07-01/doc-ifxenncn6833608.shtml success.
2017-09-06 11:18:29 Crawler.py[line: 141] INFO Get http://tech.sina.com.cn/i/2015-07-01/doc-ifxemzev2375817.shtml success.
2017-09-06 11:18:33 Crawler.py[line: 141] INFO Get http://tech.sina.com.cn/i/2015-07-01/doc-ifxenncn6830930.shtml success.
2017-09-06 11:18:36 Crawler.py[line: 141] INFO Get http://tech.sina.com.cn/i/2015-07-01/doc-ifxemzey4961073.shtml success.
2017-09-06 11:18:39 Crawler.py[line: 141] INFO Get http://tech.sina.com.cn/it/2015-07-01/doc-ifxenncn6827853.shtml success.
2017-09-06 11:18:42 Crawler.py[line: 141] INFO Get http://tech.sina.com.cn/i/2015-07-01/doc-ifxenncn6826512.shtml success.
2017-09-06 11:18:47 Crawler.py[line: 141] INFO Get http://roll.news.sina.com.cn/interface/rollnews_ch_out_interface.php?col=365&spec=&type=&date=2015-07-02&ch=05&k=&offset_page=0&offset_num=0&num=60&asc=&page=1 success.
2017-09-06 11:18:47 Crawler.py[line: 141] INFO Get http://tech.sina.com.cn/i/2015-07-02/doc-ifxesfty0039117.shtml success.
2017-09-06 11:18:50 Crawler.py[line: 141] INFO Get http://tech.sina.com.cn/i/2015-07-02/doc-ifxesssr5387348.shtml success.
2017-09-06 11:18:54 Crawler.py[line: 141] INFO Get http://tech.sina.com.cn/i/2015-07-02/doc-ifxesssr5384664.shtml success.
2017-09-06 11:18:57 Crawler.py[line: 141] INFO Get http://tech.sina.com.cn/i/2015-07-02/doc-ifxesftz6708374.shtml success.
2017-09-06 11:19:00 Crawler.py[line: 141] INFO Get http://tech.sina.com.cn/it/2015-07-02/doc-ifxenncn6858314.shtml success.
2017-09-06 11:19:04 Crawler.py[line: 141] INFO Get http://tech.sina.com.cn/it/2015-07-02/doc-ifxesftx9987559.shtml success.
2017-09-06 11:19:07 Crawler.py[line: 141] INFO Get http://tech.sina.com.cn/i/2015-07-02/doc-ifxesfuc3474294.shtml success.
2017-09-06 11:19:10 Crawler.py[line: 141] INFO Get http://tech.sina.com.cn/i/2015-07-02/doc-ifxesftx9974229.shtml success.
2017-09-06 11:19:14 Crawler.py[line: 141] INFO Get http://tech.sina.com.cn/i/2015-07-02/doc-ifxesftz6694793.shtml success.
2017-09-06 11:19:17 Crawler.py[line: 141] INFO Get http://tech.sina.com.cn/i/2015-07-02/doc-ifxesfuc3470054.shtml success.
2017-09-06 11:19:20 Crawler.py[line: 141] INFO Get http://tech.sina.com.cn/it/2015-07-02/doc-ifxesftm9274643.shtml success.
2017-09-06 11:19:25 Crawler.py[line: 141] INFO Get http://roll.news.sina.com.cn/interface/rollnews_ch_out_interface.php?col=365&spec=&type=&date=2015-07-03&ch=05&k=&offset_page=0&offset_num=0&num=60&asc=&page=1 success.
2017-09-06 11:19:25 Crawler.py[line: 141] INFO Get http://tech.sina.com.cn/i/2015-07-03/doc-ifxesfuc3515927.shtml success.
2017-09-06 11:19:29 Crawler.py[line: 141] INFO Get http://tech.sina.com.cn/zl/post/detail/i/2015-07-03/pid_8482354.htm success.
2017-09-06 11:19:29 xin_lang_ke_ji.py[line: 68] ERROR Parse content error. ErrorMsg: time data '\r\n2015年07月03日16:44\r\n' does not match format '%Y年%m月%d日%H:%M'
2017-09-06 11:19:29 Crawler.py[line: 81] ERROR Process link failed. URL=http://tech.sina.com.cn/zl/post/detail/i/2015-07-03/pid_8482354.htm
2017-09-06 11:25:11 Crawler.py[line: 141] INFO Get http://roll.news.sina.com.cn/interface/rollnews_ch_out_interface.php?col=365&spec=&type=&date=2015-07-03&ch=05&k=&offset_page=0&offset_num=0&num=60&asc=&page=1 success.
2017-09-06 11:26:00 Crawler.py[line: 141] INFO Get http://roll.news.sina.com.cn/interface/rollnews_ch_out_interface.php?col=365&spec=&type=&date=2015-07-03&ch=05&k=&offset_page=0&offset_num=0&num=60&asc=&page=1 success.
2017-09-06 11:26:28 Crawler.py[line: 141] INFO Get http://roll.news.sina.com.cn/interface/rollnews_ch_out_interface.php?col=365&spec=&type=&date=2015-07-03&ch=05&k=&offset_page=0&offset_num=0&num=60&asc=&page=1 success.
2017-09-06 11:27:13 Crawler.py[line: 141] INFO Get http://roll.news.sina.com.cn/interface/rollnews_ch_out_interface.php?col=365&spec=&type=&date=2015-07-03&ch=05&k=&offset_page=0&offset_num=0&num=60&asc=&page=1 success.
2017-09-06 11:27:16 Crawler.py[line: 141] INFO Get http://roll.news.sina.com.cn/interface/rollnews_ch_out_interface.php?col=365&spec=&type=&date=2015-07-04&ch=05&k=&offset_page=0&offset_num=0&num=60&asc=&page=1 success.
2017-09-06 11:27:20 Crawler.py[line: 141] INFO Get http://roll.news.sina.com.cn/interface/rollnews_ch_out_interface.php?col=365&spec=&type=&date=2015-07-05&ch=05&k=&offset_page=0&offset_num=0&num=60&asc=&page=1 success.
2017-09-06 11:27:24 Crawler.py[line: 141] INFO Get http://roll.news.sina.com.cn/interface/rollnews_ch_out_interface.php?col=365&spec=&type=&date=2015-07-06&ch=05&k=&offset_page=0&offset_num=0&num=60&asc=&page=1 success.
2017-09-06 11:27:29 Crawler.py[line: 141] INFO Get http://roll.news.sina.com.cn/interface/rollnews_ch_out_interface.php?col=365&spec=&type=&date=2015-07-07&ch=05&k=&offset_page=0&offset_num=0&num=60&asc=&page=1 success.
2017-09-06 11:27:33 Crawler.py[line: 141] INFO Get http://roll.news.sina.com.cn/interface/rollnews_ch_out_interface.php?col=365&spec=&type=&date=2015-07-08&ch=05&k=&offset_page=0&offset_num=0&num=60&asc=&page=1 success.
2017-09-06 11:31:20 Crawler.py[line: 141] INFO Get http://roll.news.sina.com.cn/interface/rollnews_ch_out_interface.php?col=365&spec=&type=&date=2015-07-07&ch=05&k=&offset_page=0&offset_num=0&num=60&asc=&page=1 success.
2017-09-06 11:31:25 Crawler.py[line: 141] INFO Get http://roll.news.sina.com.cn/interface/rollnews_ch_out_interface.php?col=365&spec=&type=&date=2015-07-08&ch=05&k=&offset_page=0&offset_num=0&num=60&asc=&page=1 success.
2017-09-06 11:31:30 Crawler.py[line: 141] INFO Get http://roll.news.sina.com.cn/interface/rollnews_ch_out_interface.php?col=365&spec=&type=&date=2015-07-09&ch=05&k=&offset_page=0&offset_num=0&num=60&asc=&page=1 success.
2017-09-06 11:31:34 Crawler.py[line: 141] INFO Get http://roll.news.sina.com.cn/interface/rollnews_ch_out_interface.php?col=365&spec=&type=&date=2015-07-10&ch=05&k=&offset_page=0&offset_num=0&num=60&asc=&page=1 success.
2017-09-06 11:31:38 Crawler.py[line: 141] INFO Get http://roll.news.sina.com.cn/interface/rollnews_ch_out_interface.php?col=365&spec=&type=&date=2015-07-11&ch=05&k=&offset_page=0&offset_num=0&num=60&asc=&page=1 success.
2017-09-06 11:31:42 Crawler.py[line: 141] INFO Get http://roll.news.sina.com.cn/interface/rollnews_ch_out_interface.php?col=365&spec=&type=&date=2015-07-12&ch=05&k=&offset_page=0&offset_num=0&num=60&asc=&page=1 success.
2017-09-06 11:31:42 xin_lang_ke_ji.py[line: 46] ERROR Can't decode with gb2312 and utf-8
2017-09-06 12:45:20 Crawler.py[line: 141] INFO Get http://roll.news.sina.com.cn/interface/rollnews_ch_out_interface.php?col=365&spec=&type=&date=2015-07-12&ch=05&k=&offset_page=0&offset_num=0&num=60&asc=&page=1 success.
2017-09-06 12:45:20 xin_lang_ke_ji.py[line: 53] ERROR Decode content error. ErrorMsg: 'gb2312' codec can't decode byte 0x95 in position 495: illegal multibyte sequence
2017-09-06 12:45:47 Crawler.py[line: 141] INFO Get http://roll.news.sina.com.cn/interface/rollnews_ch_out_interface.php?col=365&spec=&type=&date=2015-07-12&ch=05&k=&offset_page=0&offset_num=0&num=60&asc=&page=1 success.
2017-09-06 12:51:43 Crawler.py[line: 141] INFO Get http://roll.news.sina.com.cn/interface/rollnews_ch_out_interface.php?col=365&spec=&type=&date=2015-07-12&ch=05&k=&offset_page=0&offset_num=0&num=60&asc=&page=1 success.
2017-09-06 12:51:48 Crawler.py[line: 141] INFO Get http://roll.news.sina.com.cn/interface/rollnews_ch_out_interface.php?col=365&spec=&type=&date=2015-07-13&ch=05&k=&offset_page=0&offset_num=0&num=60&asc=&page=1 success.
2017-09-06 12:51:54 Crawler.py[line: 141] INFO Get http://roll.news.sina.com.cn/interface/rollnews_ch_out_interface.php?col=365&spec=&type=&date=2015-07-14&ch=05&k=&offset_page=0&offset_num=0&num=60&asc=&page=1 success.
2017-09-06 12:52:03 Crawler.py[line: 141] INFO Get http://roll.news.sina.com.cn/interface/rollnews_ch_out_interface.php?col=365&spec=&type=&date=2015-07-15&ch=05&k=&offset_page=0&offset_num=0&num=60&asc=&page=1 success.
2017-09-06 13:58:17 Crawler.py[line: 141] INFO Get http://roll.news.sina.com.cn/interface/rollnews_ch_out_interface.php?col=365&spec=&type=&date=2015-07-12&ch=05&k=&offset_page=0&offset_num=0&num=60&asc=&page=1 success.
2017-09-06 13:58:21 Crawler.py[line: 141] INFO Get http://roll.news.sina.com.cn/interface/rollnews_ch_out_interface.php?col=365&spec=&type=&date=2015-07-13&ch=05&k=&offset_page=0&offset_num=0&num=60&asc=&page=1 success.
2017-09-06 13:58:26 Crawler.py[line: 141] INFO Get http://roll.news.sina.com.cn/interface/rollnews_ch_out_interface.php?col=365&spec=&type=&date=2015-07-14&ch=05&k=&offset_page=0&offset_num=0&num=60&asc=&page=1 success.
2017-09-06 13:58:29 Crawler.py[line: 141] INFO Get http://roll.news.sina.com.cn/interface/rollnews_ch_out_interface.php?col=365&spec=&type=&date=2015-07-15&ch=05&k=&offset_page=0&offset_num=0&num=60&asc=&page=1 success.
2017-09-06 13:58:33 Crawler.py[line: 141] INFO Get http://roll.news.sina.com.cn/interface/rollnews_ch_out_interface.php?col=365&spec=&type=&date=2015-07-16&ch=05&k=&offset_page=0&offset_num=0&num=60&asc=&page=1 success.
2017-09-06 13:58:37 Crawler.py[line: 141] INFO Get http://roll.news.sina.com.cn/interface/rollnews_ch_out_interface.php?col=365&spec=&type=&date=2015-07-17&ch=05&k=&offset_page=0&offset_num=0&num=60&asc=&page=1 success.
2017-09-06 13:58:40 Crawler.py[line: 141] INFO Get http://roll.news.sina.com.cn/interface/rollnews_ch_out_interface.php?col=365&spec=&type=&date=2015-07-18&ch=05&k=&offset_page=0&offset_num=0&num=60&asc=&page=1 success.
2017-09-06 13:58:44 Crawler.py[line: 141] INFO Get http://roll.news.sina.com.cn/interface/rollnews_ch_out_interface.php?col=365&spec=&type=&date=2015-07-19&ch=05&k=&offset_page=0&offset_num=0&num=60&asc=&page=1 success.
2017-09-06 13:58:49 Crawler.py[line: 141] INFO Get http://roll.news.sina.com.cn/interface/rollnews_ch_out_interface.php?col=365&spec=&type=&date=2015-07-20&ch=05&k=&offset_page=0&offset_num=0&num=60&asc=&page=1 success.
2017-09-06 13:58:53 Crawler.py[line: 141] INFO Get http://roll.news.sina.com.cn/interface/rollnews_ch_out_interface.php?col=365&spec=&type=&date=2015-07-21&ch=05&k=&offset_page=0&offset_num=0&num=60&asc=&page=1 success.
2017-09-06 13:59:02 Crawler.py[line: 141] INFO Get http://roll.news.sina.com.cn/interface/rollnews_ch_out_interface.php?col=365&spec=&type=&date=2015-07-22&ch=05&k=&offset_page=0&offset_num=0&num=60&asc=&page=1 success.
2017-09-06 13:59:02 Crawler.py[line: 156] ERROR Get link is not this site.
2017-09-06 14:19:00 Crawler.py[line: 141] INFO Get http://roll.news.sina.com.cn/interface/rollnews_ch_out_interface.php?col=365&spec=&type=&date=2015-07-22&ch=05&k=&offset_page=0&offset_num=0&num=60&asc=&page=1 success.
2017-09-06 14:19:01 Crawler.py[line: 141] INFO Get http://tech.sina.com.cn/i/2015-07-22/doc-ifxfhxmr6279991.shtml success.
2017-09-06 14:19:04 Crawler.py[line: 141] INFO Get http://tech.sina.com.cn/it/2015-07-22/doc-ifxfaswf8660508.shtml success.
2017-09-06 14:19:07 Crawler.py[line: 141] INFO Get http://tech.sina.com.cn/2015-07-22/doc-ifxfaswf8570487.shtml success.
2017-09-06 14:19:11 Crawler.py[line: 141] INFO Get http://tech.sina.com.cn/i/2015-07-22/doc-ifxfaswm1012238.shtml success.
2017-09-06 14:19:14 Crawler.py[line: 141] INFO Get http://tech.sina.com.cn/i/2015-07-22/doc-ifxfaswm1006897.shtml success.
2017-09-06 14:19:17 Crawler.py[line: 141] INFO Get http://tech.sina.com.cn/i/2015-07-22/doc-ifxfccux2864767.shtml success.
2017-09-06 14:19:20 Crawler.py[line: 141] INFO Get http://tech.sina.com.cn/i/2015-07-22/doc-ifxfaswm1005000.shtml success.
2017-09-06 14:19:24 Crawler.py[line: 141] INFO Get http://tech.sina.com.cn/i/2015-07-22/doc-ifxfccux2863346.shtml success.
2017-09-06 14:19:31 Crawler.py[line: 141] INFO Get http://roll.news.sina.com.cn/interface/rollnews_ch_out_interface.php?col=365&spec=&type=&date=2015-07-23&ch=05&k=&offset_page=0&offset_num=0&num=60&asc=&page=1 success.
2017-09-06 14:19:31 Crawler.py[line: 141] INFO Get http://tech.sina.com.cn/i/2015-07-23/doc-ifxfhxmp9516915.shtml success.
2017-09-06 14:19:35 Crawler.py[line: 141] INFO Get http://tech.sina.com.cn/it/2015-07-23/doc-ifxfikka1404997.shtml success.
2017-09-06 14:19:38 Crawler.py[line: 141] INFO Get http://tech.sina.com.cn/i/2015-07-23/doc-ifxfhxmk6578988.shtml success.
2017-09-06 14:19:42 Crawler.py[line: 141] INFO Get http://tech.sina.com.cn/i/2015-07-23/doc-ifxfccux2893324.shtml success.
2017-09-06 14:19:45 Crawler.py[line: 141] INFO Get http://tech.sina.com.cn/i/2015-07-23/doc-ifxfhxmr6323639.shtml success.
2017-09-06 14:19:48 Crawler.py[line: 141] INFO Get http://tech.sina.com.cn/i/2015-07-23/doc-ifxfhxmk6560976.shtml success.
2017-09-06 14:19:52 Crawler.py[line: 141] INFO Get http://tech.sina.com.cn/i/2015-07-23/doc-ifxfhxmp9492593.shtml success.
2017-09-06 14:19:56 Crawler.py[line: 141] INFO Get http://tech.sina.com.cn/it/2015-07-23/doc-ifxfhxmk6281536.shtml success.
2017-09-06 14:19:59 Crawler.py[line: 141] INFO Get http://tech.sina.com.cn/it/2015-07-23/doc-ifxfhxmk6280736.shtml success.
2017-09-06 14:20:06 Crawler.py[line: 141] INFO Get http://roll.news.sina.com.cn/interface/rollnews_ch_out_interface.php?col=365&spec=&type=&date=2015-07-24&ch=05&k=&offset_page=0&offset_num=0&num=60&asc=&page=1 success.
2017-09-06 14:20:07 Crawler.py[line: 141] INFO Get http://tech.sina.com.cn/i/2015-07-24/doc-ifxfhxmp9544174.shtml success.
2017-09-06 14:20:10 Crawler.py[line: 141] INFO Get http://tech.sina.com.cn/i/2015-07-24/doc-ifxfhxmk6837505.shtml success.
2017-09-06 14:20:14 Crawler.py[line: 141] INFO Get http://tech.sina.com.cn/i/2015-07-24/doc-ifxfhxmk6837305.shtml success.
2017-09-06 14:20:17 Crawler.py[line: 141] INFO Get http://tech.sina.com.cn/2015-07-24/doc-ifxfikka1438238.shtml success.
2017-09-06 14:20:21 Crawler.py[line: 141] INFO Get http://tech.sina.com.cn/i/2015-07-24/doc-ifxfikka1438180.shtml success.
2017-09-06 14:20:24 Crawler.py[line: 141] INFO Get http://tech.sina.com.cn/i/2015-07-24/doc-ifxfikka1438019.shtml success.
2017-09-06 14:20:27 Crawler.py[line: 141] INFO Get http://tech.sina.com.cn/2015-07-24/doc-ifxfikka1437619.shtml success.
2017-09-06 14:20:31 Crawler.py[line: 141] INFO Get http://tech.sina.com.cn/i/2015-07-24/doc-ifxfikka1436367.shtml success.
2017-09-06 14:20:34 Crawler.py[line: 141] INFO Get http://tech.sina.com.cn/i/2015-07-24/doc-ifxfhxmp9532473.shtml success.
2017-09-06 14:20:37 Crawler.py[line: 141] INFO Get http://tech.sina.com.cn/i/2015-07-24/doc-ifxfhxmr6355479.shtml success.
2017-09-06 14:20:41 Crawler.py[line: 141] INFO Get http://tech.sina.com.cn/i/2015-07-24/doc-ifxfhxmp9532189.shtml success.
2017-09-06 14:20:44 Crawler.py[line: 141] INFO Get http://tech.sina.com.cn/i/2015-07-24/doc-ifxfikka1429343.shtml success.
2017-09-06 14:20:48 Crawler.py[line: 141] INFO Get http://tech.sina.com.cn/i/2015-07-24/doc-ifxfhxmp9530836.shtml success.
2017-09-06 14:20:51 Crawler.py[line: 141] INFO Get http://tech.sina.com.cn/i/2015-07-24/doc-ifxfhxmk6727357.shtml success.
2017-09-06 14:20:55 Crawler.py[line: 141] INFO Get http://tech.sina.com.cn/i/2015-07-24/doc-ifxfhxmp9529885.shtml success.
2017-09-06 14:20:58 Crawler.py[line: 141] INFO Get http://tech.sina.com.cn/i/2015-07-24/doc-ifxfhxmk6725585.shtml success.
2017-09-06 14:21:01 Crawler.py[line: 141] INFO Get http://tech.sina.com.cn/it/2015-07-24/doc-ifxfikka1426496.shtml success.
2017-09-06 14:21:05 Crawler.py[line: 141] INFO Get http://tech.sina.com.cn/i/2015-07-24/doc-ifxfhxmk6721346.shtml success.
2017-09-06 14:21:08 Crawler.py[line: 141] INFO Get http://tech.sina.com.cn/i/2015-07-24/doc-ifxfikka1423945.shtml success.
2017-09-06 14:21:12 Crawler.py[line: 141] INFO Get http://tech.sina.com.cn/it/2015-07-24/doc-ifxfhxmk6713267.shtml success.
2017-09-06 14:21:15 Crawler.py[line: 141] INFO Get http://tech.sina.com.cn/i/2015-07-24/doc-ifxfikka1423234.shtml success.
2017-09-06 14:21:18 Crawler.py[line: 141] INFO Get http://tech.sina.com.cn/i/2015-07-24/doc-ifxfhxmk6710015.shtml success.
2017-09-06 14:21:22 Crawler.py[line: 141] INFO Get http://tech.sina.com.cn/it/2015-07-24/doc-ifxfhxmk6709195.shtml success.
2017-09-06 14:21:25 Crawler.py[line: 141] INFO Get http://tech.sina.com.cn/i/2015-07-24/doc-ifxfikka1422194.shtml success.
2017-09-06 14:21:28 Crawler.py[line: 141] INFO Get http://tech.sina.com.cn/i/2015-07-24/doc-ifxfhxmp9520112.shtml success.
2017-09-06 14:21:35 Crawler.py[line: 141] INFO Get http://roll.news.sina.com.cn/interface/rollnews_ch_out_interface.php?col=365&spec=&type=&date=2015-07-25&ch=05&k=&offset_page=0&offset_num=0&num=60&asc=&page=1 success.
2017-09-06 14:21:35 Crawler.py[line: 141] INFO Get http://tech.sina.com.cn/i/2015-07-25/doc-ifxfhxmr6374225.shtml success.
2017-09-06 14:21:49 Crawler.py[line: 141] INFO Get http://roll.news.sina.com.cn/interface/rollnews_ch_out_interface.php?col=365&spec=&type=&date=2015-07-26&ch=05&k=&offset_page=0&offset_num=0&num=60&asc=&page=1 success.
2017-09-06 14:21:49 Crawler.py[line: 141] INFO Get http://tech.sina.com.cn/i/2015-07-27/doc-ifxfhxmr6389560.shtml success.
2017-09-06 14:21:52 Crawler.py[line: 141] INFO Get http://tech.sina.com.cn/i/2015-07-27/doc-ifxfikka1458179.shtml success.
2017-09-06 14:22:00 Crawler.py[line: 141] INFO Get http://roll.news.sina.com.cn/interface/rollnews_ch_out_interface.php?col=365&spec=&type=&date=2015-07-27&ch=05&k=&offset_page=0&offset_num=0&num=60&asc=&page=1 success.
2017-09-06 14:22:00 Crawler.py[line: 141] INFO Get http://tech.sina.com.cn/i/2015-07-27/doc-ifxfhxmk7553775.shtml success.
2017-09-06 14:22:03 Crawler.py[line: 141] INFO Get http://tech.sina.com.cn/i/2015-07-27/doc-ifxfikka1513158.shtml success.
2017-09-06 14:22:07 Crawler.py[line: 141] INFO Get http://tech.sina.com.cn/i/2015-07-27/doc-ifxfhxmr6456530.shtml success.
2017-09-06 14:22:11 Crawler.py[line: 141] INFO Get http://tech.sina.com.cn/i/2015-07-27/doc-ifxfhxmr6449831.shtml success.
2017-09-06 14:22:14 Crawler.py[line: 141] INFO Get http://tech.sina.com.cn/i/2015-07-27/doc-ifxfhxmk7359359.shtml success.
2017-09-06 14:22:17 Crawler.py[line: 141] INFO Get http://tech.sina.com.cn/i/2015-07-27/doc-ifxfhxmp9610354.shtml success.
2017-09-06 14:22:20 Crawler.py[line: 141] INFO Get http://tech.sina.com.cn/i/2015-07-27/doc-ifxfhxmr6444712.shtml success.
2017-09-06 14:22:24 Crawler.py[line: 141] INFO Get http://tech.sina.com.cn/i/2015-07-27/doc-ifxfhxmk7325107.shtml success.
2017-09-06 14:22:27 Crawler.py[line: 141] INFO Get http://tech.sina.com.cn/i/2015-07-27/doc-ifxfikka1492813.shtml success.
2017-09-06 14:22:30 Crawler.py[line: 141] INFO Get http://tech.sina.com.cn/i/2015-07-27/doc-ifxfhxmr6427533.shtml success.
2017-09-06 14:22:34 Crawler.py[line: 141] INFO Get http://tech.sina.com.cn/i/2015-07-27/doc-ifxfhxmp9594876.shtml success.
2017-09-06 14:22:38 Crawler.py[line: 141] INFO Get http://tech.sina.com.cn/i/2015-07-27/doc-ifxfhxmk7109682.shtml success.
2017-09-06 14:22:42 Crawler.py[line: 141] INFO Get http://tech.sina.com.cn/i/2015-07-27/doc-ifxfhxmk7087006.shtml success.
2017-09-06 14:22:46 Crawler.py[line: 141] INFO Get http://tech.sina.com.cn/i/2015-07-27/doc-ifxfikka1486404.shtml success.
2017-09-06 14:22:49 Crawler.py[line: 141] INFO Get http://tech.sina.com.cn/i/2015-07-27/doc-ifxfhxmr6418082.shtml success.
2017-09-06 14:22:53 Crawler.py[line: 141] INFO Get http://tech.sina.com.cn/i/2015-07-27/doc-ifxfhxmk7074637.shtml success.
2017-09-06 14:22:56 Crawler.py[line: 141] INFO Get http://tech.sina.com.cn/i/2015-07-27/doc-ifxfikka1485089.shtml success.
2017-09-06 14:22:59 Crawler.py[line: 141] INFO Get http://tech.sina.com.cn/i/2015-07-27/doc-ifxfhxmr6416020.shtml success.
2017-09-06 14:23:03 Crawler.py[line: 141] INFO Get http://tech.sina.com.cn/i/2015-07-27/doc-ifxfhxmk7070617.shtml success.
2017-09-06 14:23:06 Crawler.py[line: 141] INFO Get http://tech.sina.com.cn/2015-07-27/doc-ifxfhxmr6407465.shtml success.
2017-09-06 14:23:09 Crawler.py[line: 141] INFO Get http://tech.sina.com.cn/i/2015-07-27/doc-ifxfikka1473187.shtml success.
2017-09-06 14:23:13 Crawler.py[line: 141] INFO Get http://tech.sina.com.cn/i/2015-07-27/doc-ifxfhxmk7049948.shtml success.
2017-09-06 14:23:16 Crawler.py[line: 141] INFO Get http://tech.sina.com.cn/it/2015-07-27/doc-ifxfhxmr6401545.shtml success.
2017-09-06 14:23:19 Crawler.py[line: 141] INFO Get http://tech.sina.com.cn/i/2015-07-27/doc-ifxfhxmk7039702.shtml success.
2017-09-06 14:23:23 Crawler.py[line: 141] INFO Get http://tech.sina.com.cn/it/2015-07-27/doc-ifxfhxmk7013915.shtml success.
2017-09-06 14:23:26 Crawler.py[line: 141] INFO Get http://tech.sina.com.cn/it/2015-07-27/doc-ifxfikka1464494.shtml success.
2017-09-06 14:23:29 Crawler.py[line: 141] INFO Get http://tech.sina.com.cn/i/2015-07-27/doc-ifxfhxmk7000212.shtml success.
2017-09-06 14:23:32 Crawler.py[line: 141] INFO Get http://tech.sina.com.cn/i/2015-07-27/doc-ifxfhxmk6999928.shtml success.
2017-09-06 14:23:36 Crawler.py[line: 141] INFO Get http://tech.sina.com.cn/i/2015-07-27/doc-ifxfhxmk6997394.shtml success.
2017-09-06 14:23:39 Crawler.py[line: 141] INFO Get http://tech.sina.com.cn/i/2015-07-27/doc-ifxfhxmk6997378.shtml success.
2017-09-06 14:23:46 Crawler.py[line: 141] INFO Get http://roll.news.sina.com.cn/interface/rollnews_ch_out_interface.php?col=365&spec=&type=&date=2015-07-28&ch=05&k=&offset_page=0&offset_num=0&num=60&asc=&page=1 success.
2017-09-06 14:23:47 Crawler.py[line: 141] INFO Get http://tech.sina.com.cn/i/2015-07-28/doc-ifxfikka1627543.shtml success.
2017-09-06 14:23:50 Crawler.py[line: 141] INFO Get http://tech.sina.com.cn/other/cy/2015-07-28/doc-ifxfikka1626942.shtml success.
2017-09-06 14:23:53 Crawler.py[line: 141] INFO Get http://tech.sina.com.cn/other/cy/2015-07-28/doc-ifxfhxmk8333102.shtml success.
2017-09-06 14:23:56 Crawler.py[line: 141] INFO Get http://tech.sina.com.cn/i/2015-07-28/doc-ifxfhxmp9729139.shtml success.
2017-09-06 14:24:00 Crawler.py[line: 141] INFO Get http://tech.sina.com.cn/it/2015-07-28/doc-ifxfhxmp9726663.shtml success.
2017-09-06 14:24:03 Crawler.py[line: 141] INFO Get http://tech.sina.com.cn/i/2015-07-28/doc-ifxfhxmr6604088.shtml success.
2017-09-06 14:24:06 Crawler.py[line: 141] INFO Get http://tech.sina.com.cn/2015-07-28/doc-ifxfikka1601950.shtml success.
2017-09-06 14:24:10 Crawler.py[line: 141] INFO Get http://tech.sina.com.cn/i/2015-07-28/doc-ifxfhxmk8077493.shtml success.
2017-09-06 14:24:13 Crawler.py[line: 141] INFO Get http://tech.sina.com.cn/i/2015-07-28/doc-ifxfhnsw9322858.shtml success.
2017-09-06 14:24:16 Crawler.py[line: 141] INFO Get http://tech.sina.com.cn/i/2015-07-28/doc-ifxfhxmr6584381.shtml success.
2017-09-06 14:24:20 Crawler.py[line: 141] INFO Get http://tech.sina.com.cn/2015-07-28/doc-ifxfikka1598036.shtml success.
2017-09-06 14:24:23 Crawler.py[line: 141] INFO Get http://tech.sina.com.cn/other/intra/2015-07-28/doc-ifxfikka1597059.shtml success.
2017-09-06 14:24:26 Crawler.py[line: 141] INFO Get http://tech.sina.com.cn/i/2015-07-28/doc-ifxfikka1593556.shtml success.
2017-09-06 14:24:30 Crawler.py[line: 141] INFO Get http://tech.sina.com.cn/i/2015-07-28/doc-ifxfhxmr6577699.shtml success.
2017-09-06 14:24:33 Crawler.py[line: 141] INFO Get http://tech.sina.com.cn/2015-07-28/doc-ifxfikka1592075.shtml success.
2017-09-06 14:24:36 Crawler.py[line: 141] INFO Get http://tech.sina.com.cn/i/2015-07-28/doc-ifxfikka1591552.shtml success.
2017-09-06 14:24:39 Crawler.py[line: 141] INFO Get http://tech.sina.com.cn/it/2015-07-28/doc-ifxfhxmp9689787.shtml success.
2017-09-06 14:24:46 Crawler.py[line: 141] INFO Get http://roll.news.sina.com.cn/interface/rollnews_ch_out_interface.php?col=365&spec=&type=&date=2015-07-29&ch=05&k=&offset_page=0&offset_num=0&num=60&asc=&page=1 success.
2017-09-06 14:24:47 Crawler.py[line: 141] INFO Get http://tech.sina.com.cn/i/2015-07-29/doc-ifxfpcyp4625828.shtml success.
2017-09-06 14:24:50 Crawler.py[line: 141] INFO Get http://tech.sina.com.cn/i/2015-07-29/doc-ifxfikka1655164.shtml success.
2017-09-06 14:24:53 Crawler.py[line: 141] INFO Get http://tech.sina.com.cn/i/2015-07-29/doc-ifxfhxmk8807581.shtml success.
2017-09-06 14:24:57 Crawler.py[line: 141] INFO Get http://tech.sina.com.cn/i/2015-07-29/doc-ifxfhxmk8785113.shtml success.
2017-09-06 14:25:00 Crawler.py[line: 141] INFO Get http://tech.sina.com.cn/i/2015-07-29/doc-ifxfhxmk8775886.shtml success.
2017-09-06 14:25:03 Crawler.py[line: 141] INFO Get http://tech.sina.com.cn/i/2015-07-29/doc-ifxfhxmk8727418.shtml success.
2017-09-06 14:25:07 Crawler.py[line: 141] INFO Get http://tech.sina.com.cn/i/2015-07-29/doc-ifxfhxmr6629665.shtml success.
2017-09-06 14:25:10 Crawler.py[line: 141] INFO Get http://tech.sina.com.cn/i/2015-07-29/doc-ifxfikka1636649.shtml success.
2017-09-06 14:25:13 Crawler.py[line: 141] INFO Get http://tech.sina.com.cn/i/2015-07-29/doc-ifxfhxmr6627905.shtml success.
2017-09-06 14:25:17 Crawler.py[line: 141] INFO Get http://tech.sina.com.cn/i/2015-07-29/doc-ifxfhxmk8645157.shtml success.
2017-09-06 14:25:20 Crawler.py[line: 141] INFO Get http://tech.sina.com.cn/i/2015-07-29/doc-ifxfhxmk8618386.shtml success.
2017-09-06 14:25:23 Crawler.py[line: 141] INFO Get http://tech.sina.com.cn/it/2015-07-29/doc-ifxfhxmk8500473.shtml success.
2017-09-06 14:25:34 Crawler.py[line: 141] INFO Get http://roll.news.sina.com.cn/interface/rollnews_ch_out_interface.php?col=365&spec=&type=&date=2015-07-30&ch=05&k=&offset_page=0&offset_num=0&num=60&asc=&page=1 success.
2017-09-06 14:25:54 Crawler.py[line: 81] ERROR Process link failed. URL=http://www.w3.org/TR/xhtml1/DTD/xhtml1-transitional.dtd
2017-09-06 16:09:08 Crawler.py[line: 141] INFO Get http://roll.news.sina.com.cn/interface/rollnews_ch_out_interface.php?col=365&spec=&type=&date=2015-07-29&ch=05&k=&offset_page=0&offset_num=0&num=60&asc=&page=1 success.
2017-09-06 16:09:20 Crawler.py[line: 141] INFO Get http://roll.news.sina.com.cn/interface/rollnews_ch_out_interface.php?col=365&spec=&type=&date=2015-07-30&ch=05&k=&offset_page=0&offset_num=0&num=60&asc=&page=1 success.
2017-09-06 16:09:31 Crawler.py[line: 81] ERROR Process link failed. URL=http://www.w3.org/TR/xhtml1/DTD/xhtml1-transitional.dtd
